Último dato utilizado: uniqueIDRS=PDP20720204301
Último dato utilizado: uniqueIDRS=PDP20720204302
Último dato utilizado: uniqueIDRS=PDP20720204303
Último dato utilizado: uniqueIDRS=PDP20720204304
Último dato utilizado: uniqueIDRS=PDP20720204305
Último dato utilizado: uniqueIDRS=PDP20720204306
Último dato utilizado: uniqueIDRS=PDP20720204307
Último dato utilizado: uniqueIDRS=PDP20720204308
Último dato utilizado: uniqueIDRS=PDP20720204309
Último dato utilizado: uniqueIDRS=PDP20720204310
Último dato utilizado: uniqueIDRS=PDP20720204311
Último dato utilizado: uniqueIDRS=PDP20720204312
Último dato utilizado: uniqueIDRS=PDP20720204313
Último dato utilizado: uniqueIDRS=PDP20720204314
Último dato utilizado: uniqueIDRS=PDP20720204315
Último dato utilizado: uniqueIDRS=PDP20720204316
Último dato utilizado: uniqueIDRS=PDP20720204317
Último dato utilizado: uniqueIDRS=PDP20720204318
Último dato utilizado: uniqueIDRS=PDP20720204319
Último dato utilizado: uniqueIDRS=PDP20720204320
Último dato utilizado: uniqueIDRS=PDP20720204321
Último dato utilizado: uniqueIDRS=PDP20720204322
Último dato utilizado: uniqueIDRS=PDP20720204323
Último dato utilizado: uniqueIDRS=PDP20720204324
Último dato utilizado: uniqueIDRS=PDP20720204325
Último dato utilizado: uniqueIDRS=PDP20720204326
Último dato utilizado: uniqueIDRS=PDP20720204327
Último dato utilizado: uniqueIDRS=PDP20720204328
Último dato utilizado: uniqueIDRS=PDP20720204329
Último dato utilizado: uniqueIDRS=PDP20720204330
Último dato utilizado: uniqueIDRS=PDP20720204331
Último dato utilizado: uniqueIDRS=PDP20720204332
Último dato utilizado: uniqueIDRS=PDP20720204333
Último dato utilizado: uniqueIDRS=PDP20720204334
Último dato utilizado: uniqueIDRS=PDP20720204335
Último dato utilizado: uniqueIDRS=PDP20720204336
Último dato utilizado: uniqueIDRS=PDP20720204337
Último dato utilizado: uniqueIDRS=PDP20720204338
Último dato utilizado: uniqueIDRS=PDP20720204339
Último dato utilizado: uniqueIDRS=PDP20720204340
Último dato utilizado: uniqueIDRS=PDP20720204341
Último dato utilizado: uniqueIDRS=PDP20720204342
Último dato utilizado: uniqueIDRS=PDP20720204343
Último dato utilizado: uniqueIDRS=PDP20720204344
Último dato utilizado: uniqueIDRS=PDP20720204345
Último dato utilizado: uniqueIDRS=PDP20720204346
Último dato utilizado: uniqueIDRS=PDP20720204347
Último dato utilizado: uniqueIDRS=PDP20720204348
Último dato utilizado: uniqueIDRS=PDP20720204349
Último dato utilizado: uniqueIDRS=PDP20720204350
Último dato utilizado: uniqueIDRS=PDP20720204351
Último dato utilizado: uniqueIDRS=PDP20720204352
Último dato utilizado: uniqueIDRS=PDP20720204353
Último dato utilizado: uniqueIDRS=PDP20720204354
Último dato utilizado: uniqueIDRS=PDP20720204355
Último dato utilizado: uniqueIDRS=PDP20720204356
Último dato utilizado: uniqueIDRS=PDP20720204357
Último dato utilizado: uniqueIDRS=PDP20720204358
Último dato utilizado: uniqueIDRS=PDP20720204359
Último dato utilizado: uniqueIDRS=PDP20720204360
Último dato utilizado: uniqueIDRS=PDP20720204361
Último dato utilizado: uniqueIDRS=PDP20720204362
Último dato utilizado: uniqueIDRS=PDP20720204363
Último dato utilizado: uniqueIDRS=PDP20720204364
Último dato utilizado: uniqueIDRS=PDP20720204365
Último dato utilizado: uniqueIDRS=PDP20720204366
Último dato utilizado: uniqueIDRS=PDP20720204367
Último dato utilizado: uniqueIDRS=PDP20720204368
Último dato utilizado: uniqueIDRS=PDP20720204369
Último dato utilizado: uniqueIDRS=PDP20720204370
Último dato utilizado: uniqueIDRS=PDP20720204371
Último dato utilizado: uniqueIDRS=PDP20720204372
Último dato utilizado: uniqueIDRS=PDP20720204373
Último dato utilizado: uniqueIDRS=PDP20720204374
Último dato utilizado: uniqueIDRS=PDP20720204375
Último dato utilizado: uniqueIDRS=PDP20720204376
Último dato utilizado: uniqueIDRS=PDP20720204377
Último dato utilizado: uniqueIDRS=PDP20720204378
Último dato utilizado: uniqueIDRS=PDP20720204379
Último dato utilizado: uniqueIDRS=PDP20720204380
Último dato utilizado: uniqueIDRS=PDP20720204381
Último dato utilizado: uniqueIDRS=PDP20720204382
Último dato utilizado: uniqueIDRS=PDP20720204383
Último dato utilizado: uniqueIDRS=PDP20720204384
Último dato utilizado: uniqueIDRS=PDP20720204385
Último dato utilizado: uniqueIDRS=PDP20720204386
Último dato utilizado: uniqueIDRS=PDP20720204387
Último dato utilizado: uniqueIDRS=PDP20720204388
Último dato utilizado: uniqueIDRS=PDP20720204389
Último dato utilizado: uniqueIDRS=PDP20720204390
Último dato utilizado: uniqueIDRS=PDP20720204391
Último dato utilizado: uniqueIDRS=PDP20720204392
Último dato utilizado: uniqueIDRS=PDP20720204393
Último dato utilizado: uniqueIDRS=PDP20720204394
Último dato utilizado: uniqueIDRS=PDP20720204395
Último dato utilizado: uniqueIDRS=PDP20720204396
Último dato utilizado: uniqueIDRS=PDP20720204397
Último dato utilizado: uniqueIDRS=PDP20720204398
Último dato utilizado: uniqueIDRS=PDP20720204399
Último dato utilizado: uniqueIDRS=PDP20720204400
Último dato utilizado: uniqueIDRS=PDP20720204401
Último dato utilizado: uniqueIDRS=PDP20720204402
Último dato utilizado: uniqueIDRS=PDP20720204403
Último dato utilizado: uniqueIDRS=PDP20720204404
Último dato utilizado: uniqueIDRS=PDP20720204405
Último dato utilizado: uniqueIDRS=PDP20720204406
Último dato utilizado: uniqueIDRS=PDP20720204407
Último dato utilizado: uniqueIDRS=PDP20720204408
Último dato utilizado: uniqueIDRS=PDP20720204409
Último dato utilizado: uniqueIDRS=PDP20720204410
Último dato utilizado: uniqueIDRS=PDP20720204411
Último dato utilizado: uniqueIDRS=PDP20720204412
Último dato utilizado: uniqueIDRS=PDP20720204413
Último dato utilizado: uniqueIDRS=PDP20720204414
Último dato utilizado: uniqueIDRS=PDP20720204415
Último dato utilizado: uniqueIDRS=PDP20720204416
Último dato utilizado: uniqueIDRS=PDP20720204417
Último dato utilizado: uniqueIDRS=PDP20720204418
Último dato utilizado: uniqueIDRS=PDP20720204419
Último dato utilizado: uniqueIDRS=PDP20720204420
Último dato utilizado: uniqueIDRS=PDP20720204421
Último dato utilizado: uniqueIDRS=PDP20720204422
Último dato utilizado: uniqueIDRS=PDP20720204423
Último dato utilizado: uniqueIDRS=PDP20720204424
Último dato utilizado: uniqueIDRS=PDP20720204425
Último dato utilizado: uniqueIDRS=PDP20720204426
Último dato utilizado: uniqueIDRS=PDP20720204427
Último dato utilizado: uniqueIDRS=PDP20720204428
Último dato utilizado: uniqueIDRS=PDP20720204429
Último dato utilizado: uniqueIDRS=PDP20720204430
Último dato utilizado: uniqueIDRS=PDP20720204431
Último dato utilizado: uniqueIDRS=PDP20720204432
Último dato utilizado: uniqueIDRS=PDP20720204433
Último dato utilizado: uniqueIDRS=PDP20720204434
Último dato utilizado: uniqueIDRS=PDP20720204435
Último dato utilizado: uniqueIDRS=PDP20720204436
Último dato utilizado: uniqueIDRS=PDP20720204437
Último dato utilizado: uniqueIDRS=PDP20720204438
Último dato utilizado: uniqueIDRS=PDP20720204439
Último dato utilizado: uniqueIDRS=PDP20720204440
Último dato utilizado: uniqueIDRS=PDP20720204441
Último dato utilizado: uniqueIDRS=PDP20720204442
Último dato utilizado: uniqueIDRS=PDP20720204443
Último dato utilizado: uniqueIDRS=PDP20720204444
Último dato utilizado: uniqueIDRS=PDP20720204445
Último dato utilizado: uniqueIDRS=PDP20720204446
Último dato utilizado: uniqueIDRS=PDP20720204447
Último dato utilizado: uniqueIDRS=PDP20720204448
Último dato utilizado: uniqueIDRS=PDP20720204449
Último dato utilizado: uniqueIDRS=PDP20720204450
Último dato utilizado: uniqueIDRS=PDP20720204451
Último dato utilizado: uniqueIDRS=PDP20720204452
Último dato utilizado: uniqueIDRS=PDP20720204453
Último dato utilizado: uniqueIDRS=PDP20720204454
Último dato utilizado: uniqueIDRS=PDP20720204455
Último dato utilizado: uniqueIDRS=PDP20720204456
Último dato utilizado: uniqueIDRS=PDP20720204457
Último dato utilizado: uniqueIDRS=PDP20720204458
Último dato utilizado: uniqueIDRS=PDP20720204459
Último dato utilizado: uniqueIDRS=PDP20720204460
Último dato utilizado: uniqueIDRS=PDP20720204461
Último dato utilizado: uniqueIDRS=PDP20720204462
Último dato utilizado: uniqueIDRS=PDP20720204463
Último dato utilizado: uniqueIDRS=PDP20720204464
Último dato utilizado: uniqueIDRS=PDP20720204465
Último dato utilizado: uniqueIDRS=PDP20720204466
Último dato utilizado: uniqueIDRS=PDP20720204467
Último dato utilizado: uniqueIDRS=PDP20720204468
Último dato utilizado: uniqueIDRS=PDP20720204469
Último dato utilizado: uniqueIDRS=PDP20720204470
Último dato utilizado: uniqueIDRS=PDP20720204471
Último dato utilizado: uniqueIDRS=PDP20720204472
Último dato utilizado: uniqueIDRS=PDP20720204473
Último dato utilizado: uniqueIDRS=PDP20720204474
Último dato utilizado: uniqueIDRS=PDP20720204475
Último dato utilizado: uniqueIDRS=PDP20720204476
Último dato utilizado: uniqueIDRS=PDP20720204477
Último dato utilizado: uniqueIDRS=PDP20720204478
Último dato utilizado: uniqueIDRS=PDP20720204479
Último dato utilizado: uniqueIDRS=PDP20720204480
Último dato utilizado: uniqueIDRS=PDP20720204481
Último dato utilizado: uniqueIDRS=PDP20720204482
Último dato utilizado: uniqueIDRS=PDP20720204483
Último dato utilizado: uniqueIDRS=PDP20720204484
Último dato utilizado: uniqueIDRS=PDP20720204485
Último dato utilizado: uniqueIDRS=PDP20720204486
Último dato utilizado: uniqueIDRS=PDP20720204487
Último dato utilizado: uniqueIDRS=PDP20720204488
Último dato utilizado: uniqueIDRS=PDP20720204489
Último dato utilizado: uniqueIDRS=PDP20720204490
Último dato utilizado: uniqueIDRS=PDP20720204491
Último dato utilizado: uniqueIDRS=PDP20720204492
Último dato utilizado: uniqueIDRS=PDP20720204493
Último dato utilizado: uniqueIDRS=PDP20720204494
Último dato utilizado: uniqueIDRS=PDP20720204495
Último dato utilizado: uniqueIDRS=PDP20720204496
Último dato utilizado: uniqueIDRS=PDP20720204497
Último dato utilizado: uniqueIDRS=PDP20720204498
Último dato utilizado: uniqueIDRS=PDP20720204499
Último dato utilizado: uniqueIDRS=PDP20720204500
Último dato utilizado: uniqueIDRS=PDP20720204501
Último dato utilizado: uniqueIDRS=PDP20720204502
Último dato utilizado: uniqueIDRS=PDP20720204503
Último dato utilizado: uniqueIDRS=PDP20720204504
Último dato utilizado: uniqueIDRS=PDP20720204505
Último dato utilizado: uniqueIDRS=PDP20720204668
Último dato utilizado: uniqueIDRS=PDP20720204669
Último dato utilizado: uniqueIDRS=PDP20720204670
Último dato utilizado: uniqueIDRS=PDP20720204671
Último dato utilizado: uniqueIDRS=PDP20720204672
Último dato utilizado: uniqueIDRS=PDP20720204673
Último dato utilizado: uniqueIDRS=PDP20720204674
Último dato utilizado: uniqueIDRS=PDP20720204675
Último dato utilizado: uniqueIDRS=PDP20720204676
Último dato utilizado: uniqueIDRS=PDP20720204677
Último dato utilizado: uniqueIDRS=PDP20720204678
Último dato utilizado: uniqueIDRS=PDP20720204679
Último dato utilizado: uniqueIDRS=PDP20720204680
Último dato utilizado: uniqueIDRS=PDP20720204681
Último dato utilizado: uniqueIDRS=PDP20720204682
Último dato utilizado: uniqueIDRS=PDP20720204683
Último dato utilizado: uniqueIDRS=PDP20720204684
Último dato utilizado: uniqueIDRS=PDP20720204685
Último dato utilizado: uniqueIDRS=PDP20720204686
-----------------------------------
Último dato utilizado: uniqueIDRS=PDP20720204687
Último dato utilizado: uniqueIDRS=PDP20720204688
Último dato utilizado: uniqueIDRS=PDP20720204689
Último dato utilizado: uniqueIDRS=PDP20720204690
Último dato utilizado: uniqueIDRS=PDP20720204691
Último dato utilizado: uniqueIDRS=PDP20720204692
Último dato utilizado: uniqueIDRS=PDP20720204693
Último dato utilizado: uniqueIDRS=PDP20720204694
Último dato utilizado: uniqueIDRS=PDP20720204695
Último dato utilizado: uniqueIDRS=PDP20720204696
Último dato utilizado: uniqueIDRS=PDP20720204697
Último dato utilizado: uniqueIDRS=PDP20720204698
Último dato utilizado: uniqueIDRS=PDP20720204699
Último dato utilizado: uniqueIDRS=PDP20720204700
Último dato utilizado: uniqueIDRS=PDP20720204701
Último dato utilizado: uniqueIDRS=PDP20720204702
Último dato utilizado: uniqueIDRS=PDP20720204703
Último dato utilizado: uniqueIDRS=PDP20720204704
Último dato utilizado: uniqueIDRS=PDP20720204705
Último dato utilizado: uniqueIDRS=PDP20720204706
Último dato utilizado: uniqueIDRS=PDP20720204707
Último dato utilizado: uniqueIDRS=PDP20720204708
Último dato utilizado: uniqueIDRS=PDP20720204709
Último dato utilizado: uniqueIDRS=PDP20720204710
Último dato utilizado: uniqueIDRS=PDP20720204711
Último dato utilizado: uniqueIDRS=PDP20720204712
Último dato utilizado: uniqueIDRS=PDP20720204713
Último dato utilizado: uniqueIDRS=PDP20720204714
Último dato utilizado: uniqueIDRS=PDP20720204715
Último dato utilizado: uniqueIDRS=PDP20720204716
Último dato utilizado: uniqueIDRS=PDP20720204717
Último dato utilizado: uniqueIDRS=PDP20720204718
Último dato utilizado: uniqueIDRS=PDP20720204719
Último dato utilizado: uniqueIDRS=PDP20720204720
Último dato utilizado: uniqueIDRS=PDP20720204721
Último dato utilizado: uniqueIDRS=PDP20720204722
Último dato utilizado: uniqueIDRS=PDP20720204723
Último dato utilizado: uniqueIDRS=PDP20720204724
Último dato utilizado: uniqueIDRS=PDP20720204725
Último dato utilizado: uniqueIDRS=PDP20720204726
Último dato utilizado: uniqueIDRS=PDP20720204727
Último dato utilizado: uniqueIDRS=PDP20720204728
Último dato utilizado: uniqueIDRS=PDP20720204729
Último dato utilizado: uniqueIDRS=PDP20720204730
Último dato utilizado: uniqueIDRS=PDP20720204731
Último dato utilizado: uniqueIDRS=PDP20720204732
Último dato utilizado: uniqueIDRS=PDP20720204733
Último dato utilizado: uniqueIDRS=PDP20720204734
Último dato utilizado: uniqueIDRS=PDP20720204735
Último dato utilizado: uniqueIDRS=PDP20720204736
Último dato utilizado: uniqueIDRS=PDP20720204737
Último dato utilizado: uniqueIDRS=PDP20720204738
Último dato utilizado: uniqueIDRS=PDP20720204739
Último dato utilizado: uniqueIDRS=PDP20720204740
Último dato utilizado: uniqueIDRS=PDP20720204741
Último dato utilizado: uniqueIDRS=PDP20720204742
Último dato utilizado: uniqueIDRS=PDP20720204743
Último dato utilizado: uniqueIDRS=PDP20720204744
Último dato utilizado: uniqueIDRS=PDP20720204745
Último dato utilizado: uniqueIDRS=PDP20720204746
Último dato utilizado: uniqueIDRS=PDP20720204747
Último dato utilizado: uniqueIDRS=PDP20720204748
Último dato utilizado: uniqueIDRS=PDP20720204749
Último dato utilizado: uniqueIDRS=PDP20720204750
Último dato utilizado: uniqueIDRS=PDP20720204751
Último dato utilizado: uniqueIDRS=PDP20720204752
Último dato utilizado: uniqueIDRS=PDP20720204753
Último dato utilizado: uniqueIDRS=PDP20720204754
Último dato utilizado: uniqueIDRS=PDP20720204755
Último dato utilizado: uniqueIDRS=PDP20720204756
Último dato utilizado: uniqueIDRS=PDP20720204757
Último dato utilizado: uniqueIDRS=PDP20720204758
Último dato utilizado: uniqueIDRS=PDP20720204759
Último dato utilizado: uniqueIDRS=PDP20720204760
Último dato utilizado: uniqueIDRS=PDP20720204761
Último dato utilizado: uniqueIDRS=PDP20720204762
Último dato utilizado: uniqueIDRS=PDP20720204763
Último dato utilizado: uniqueIDRS=PDP20720204764
Último dato utilizado: uniqueIDRS=PDP20720204765
Último dato utilizado: uniqueIDRS=PDP20720204766
Último dato utilizado: uniqueIDRS=PDP20720204767
Último dato utilizado: uniqueIDRS=PDP20720204768
Último dato utilizado: uniqueIDRS=PDP20720204769
Último dato utilizado: uniqueIDRS=PDP20720204770
Último dato utilizado: uniqueIDRS=PDP20720204771
Último dato utilizado: uniqueIDRS=PDP20720204772
Último dato utilizado: uniqueIDRS=PDP20720204773
Último dato utilizado: uniqueIDRS=PDP20720204774
Último dato utilizado: uniqueIDRS=PDP20720204775
Último dato utilizado: uniqueIDRS=PDP20720204776
Último dato utilizado: uniqueIDRS=PDP20720204777
Último dato utilizado: uniqueIDRS=PDP20720204778
Último dato utilizado: uniqueIDRS=PDP20720204779
Último dato utilizado: uniqueIDRS=PDP20720204780
Último dato utilizado: uniqueIDRS=PDP20720204781
Último dato utilizado: uniqueIDRS=PDP20720204782
Último dato utilizado: uniqueIDRS=PDP20720204783
Último dato utilizado: uniqueIDRS=PDP20720204784
Último dato utilizado: uniqueIDRS=PDP20720204785
Último dato utilizado: uniqueIDRS=PDP20720204786
Último dato utilizado: uniqueIDRS=PDP20720204787
Último dato utilizado: uniqueIDRS=PDP20720204788
Último dato utilizado: uniqueIDRS=PDP20720204789
Último dato utilizado: uniqueIDRS=PDP20720204790
Último dato utilizado: uniqueIDRS=PDP20720204791
Último dato utilizado: uniqueIDRS=PDP20720204792
Último dato utilizado: uniqueIDRS=PDP20720204793
Último dato utilizado: uniqueIDRS=PDP20720204794
Último dato utilizado: uniqueIDRS=PDP20720204795
Último dato utilizado: uniqueIDRS=PDP20720204796
Último dato utilizado: uniqueIDRS=PDP20720204797
Último dato utilizado: uniqueIDRS=PDP20720204798
Último dato utilizado: uniqueIDRS=PDP20720204799
Último dato utilizado: uniqueIDRS=PDP20720204800
Último dato utilizado: uniqueIDRS=PDP20720204801
Último dato utilizado: uniqueIDRS=PDP20720204802
Último dato utilizado: uniqueIDRS=PDP20720204803
Último dato utilizado: uniqueIDRS=PDP20720204804
Último dato utilizado: uniqueIDRS=PDP20720204805
Último dato utilizado: uniqueIDRS=PDP20720204806
Último dato utilizado: uniqueIDRS=PDP20720204807
Último dato utilizado: uniqueIDRS=PDP20720204808
Último dato utilizado: uniqueIDRS=PDP20720204809
Último dato utilizado: uniqueIDRS=PDP20720204810
Último dato utilizado: uniqueIDRS=PDP20720204811
Último dato utilizado: uniqueIDRS=PDP20720204812
Último dato utilizado: uniqueIDRS=PDP20720204813
Último dato utilizado: uniqueIDRS=PDP20720204814
Último dato utilizado: uniqueIDRS=PDP20720204815
Último dato utilizado: uniqueIDRS=PDP20720204816
Último dato utilizado: uniqueIDRS=PDP20720204817
Último dato utilizado: uniqueIDRS=PDP20720204818
Último dato utilizado: uniqueIDRS=PDP20720204819
Último dato utilizado: uniqueIDRS=PDP20720204820
Último dato utilizado: uniqueIDRS=PDP20720204821
Último dato utilizado: uniqueIDRS=PDP20720204822
Último dato utilizado: uniqueIDRS=PDP20720204823
Último dato utilizado: uniqueIDRS=PDP20720204824
Último dato utilizado: uniqueIDRS=PDP20720204825
Último dato utilizado: uniqueIDRS=PDP20720204826
Último dato utilizado: uniqueIDRS=PDP20720204827
Último dato utilizado: uniqueIDRS=PDP20720204828
Último dato utilizado: uniqueIDRS=PDP20720204829
Último dato utilizado: uniqueIDRS=PDP20720204830
Último dato utilizado: uniqueIDRS=PDP20720204831
Último dato utilizado: uniqueIDRS=PDP20720204832
Último dato utilizado: uniqueIDRS=PDP20720204833
Último dato utilizado: uniqueIDRS=PDP20720204834
Último dato utilizado: uniqueIDRS=PDP20720204835
Último dato utilizado: uniqueIDRS=PDP20720204836
Último dato utilizado: uniqueIDRS=PDP20720204837
Último dato utilizado: uniqueIDRS=PDP20720204838
Último dato utilizado: uniqueIDRS=PDP20720204839
Último dato utilizado: uniqueIDRS=PDP20720204840
Último dato utilizado: uniqueIDRS=PDP20720204841
Último dato utilizado: uniqueIDRS=PDP20720204842
Último dato utilizado: uniqueIDRS=PDP20720204843
Último dato utilizado: uniqueIDRS=PDP20720204844
Último dato utilizado: uniqueIDRS=PDP20720204845
Último dato utilizado: uniqueIDRS=PDP20720204846
Último dato utilizado: uniqueIDRS=PDP20720204847
Último dato utilizado: uniqueIDRS=PDP20720204848
Último dato utilizado: uniqueIDRS=PDP20720204849
Último dato utilizado: uniqueIDRS=PDP20720204850
Último dato utilizado: uniqueIDRS=PDP20720204851
Último dato utilizado: uniqueIDRS=PDP20720204852
Último dato utilizado: uniqueIDRS=PDP20720204853
Último dato utilizado: uniqueIDRS=PDP20720204854
Último dato utilizado: uniqueIDRS=PDP20720204855
Último dato utilizado: uniqueIDRS=PDP20720204997
Último dato utilizado: uniqueIDRS=PDP20720204998
Último dato utilizado: uniqueIDRS=PDP20720204999
Último dato utilizado: uniqueIDRS=PDP20720205000
Último dato utilizado: uniqueIDRS=PDP20720205001
Último dato utilizado: uniqueIDRS=PDP20720205002
Último dato utilizado: uniqueIDRS=PDP20720205003
Último dato utilizado: uniqueIDRS=PDP20720205004
Último dato utilizado: uniqueIDRS=PDP20720205005
Último dato utilizado: uniqueIDRS=PDP20720205006
Último dato utilizado: uniqueIDRS=PDP20720205007
Último dato utilizado: uniqueIDRS=PDP20720205008
Último dato utilizado: uniqueIDRS=PDP20720205009
Último dato utilizado: uniqueIDRS=PDP20720205010
Último dato utilizado: uniqueIDRS=PDP20720205011
Último dato utilizado: uniqueIDRS=PDP20720205012
Último dato utilizado: uniqueIDRS=PDP20720205013
Último dato utilizado: uniqueIDRS=PDP20720205014
Último dato utilizado: uniqueIDRS=PDP20720205015
Último dato utilizado: uniqueIDRS=PDP20720205016
Último dato utilizado: uniqueIDRS=PDP20720205017
Último dato utilizado: uniqueIDRS=PDP20720205018
Último dato utilizado: uniqueIDRS=PDP20720205019
Último dato utilizado: uniqueIDRS=PDP20720205020
Último dato utilizado: uniqueIDRS=PDP20720205021
Último dato utilizado: uniqueIDRS=PDP20720205022
Último dato utilizado: uniqueIDRS=PDP20720205023
Último dato utilizado: uniqueIDRS=PDP20720205024
Último dato utilizado: uniqueIDRS=PDP20720205025
Último dato utilizado: uniqueIDRS=PDP20720205026
Último dato utilizado: uniqueIDRS=PDP20720205027
Último dato utilizado: uniqueIDRS=PDP20720205028
Último dato utilizado: uniqueIDRS=PDP20720205029
Último dato utilizado: uniqueIDRS=PDP20720205030
Último dato utilizado: uniqueIDRS=PDP20720205031
Último dato utilizado: uniqueIDRS=PDP20720205032
Último dato utilizado: uniqueIDRS=PDP20720205033
Último dato utilizado: uniqueIDRS=PDP20720205034
Último dato utilizado: uniqueIDRS=PDP20720205035
Último dato utilizado: uniqueIDRS=PDP20720205036
Último dato utilizado: uniqueIDRS=PDP20720205037
Último dato utilizado: uniqueIDRS=PDP20720205038
Último dato utilizado: uniqueIDRS=PDP20720205039
Último dato utilizado: uniqueIDRS=PDP20720205040
Último dato utilizado: uniqueIDRS=PDP20720205041
Último dato utilizado: uniqueIDRS=PDP20720205042
Último dato utilizado: uniqueIDRS=PDP20720205043
Último dato utilizado: uniqueIDRS=PDP20720205044
Último dato utilizado: uniqueIDRS=PDP20720205045
Último dato utilizado: uniqueIDRS=PDP20720205046
Último dato utilizado: uniqueIDRS=PDP20720205047
Último dato utilizado: uniqueIDRS=PDP20720205048
Último dato utilizado: uniqueIDRS=PDP20720205049
Último dato utilizado: uniqueIDRS=PDP20720205050
Último dato utilizado: uniqueIDRS=PDP20720205051
Último dato utilizado: uniqueIDRS=PDP20720205052
Último dato utilizado: uniqueIDRS=PDP20720205053
Último dato utilizado: uniqueIDRS=PDP20720205054
Último dato utilizado: uniqueIDRS=PDP20720205055
Último dato utilizado: uniqueIDRS=PDP20720205056
Último dato utilizado: uniqueIDRS=PDP20720205057
Último dato utilizado: uniqueIDRS=PDP20720205058
Último dato utilizado: uniqueIDRS=PDP20720205059
Último dato utilizado: uniqueIDRS=PDP20720205060
Último dato utilizado: uniqueIDRS=PDP20720205061
Último dato utilizado: uniqueIDRS=PDP20720205062
Último dato utilizado: uniqueIDRS=PDP20720205063
Último dato utilizado: uniqueIDRS=PDP20720205064
Último dato utilizado: uniqueIDRS=PDP20720205065
Último dato utilizado: uniqueIDRS=PDP20720205066
Último dato utilizado: uniqueIDRS=PDP20720205067
Último dato utilizado: uniqueIDRS=PDP20720205068
Último dato utilizado: uniqueIDRS=PDP20720205069
Último dato utilizado: uniqueIDRS=PDP20720205070
Último dato utilizado: uniqueIDRS=PDP20720205071
Último dato utilizado: uniqueIDRS=PDP20720205072
Último dato utilizado: uniqueIDRS=PDP20720205073
Último dato utilizado: uniqueIDRS=PDP20720205074
Último dato utilizado: uniqueIDRS=PDP20720205075
Último dato utilizado: uniqueIDRS=PDP20720205076
Último dato utilizado: uniqueIDRS=PDP20720205077
Último dato utilizado: uniqueIDRS=PDP20720205078
Último dato utilizado: uniqueIDRS=PDP20720205079
Último dato utilizado: uniqueIDRS=PDP20720205080
Último dato utilizado: uniqueIDRS=PDP20720205081
Último dato utilizado: uniqueIDRS=PDP20720205082
Último dato utilizado: uniqueIDRS=PDP20720205083
Último dato utilizado: uniqueIDRS=PDP20720205084
Último dato utilizado: uniqueIDRS=PDP20720205085
Último dato utilizado: uniqueIDRS=PDP20720205086
Último dato utilizado: uniqueIDRS=PDP20720205087
Último dato utilizado: uniqueIDRS=PDP20720205088
Último dato utilizado: uniqueIDRS=PDP20720205089
Último dato utilizado: uniqueIDRS=PDP20720205090
Último dato utilizado: uniqueIDRS=PDP20720205091
Último dato utilizado: uniqueIDRS=PDP20720205092
Último dato utilizado: uniqueIDRS=PDP20720205093
Último dato utilizado: uniqueIDRS=PDP20720205094
Último dato utilizado: uniqueIDRS=PDP20720205095
Último dato utilizado: uniqueIDRS=PDP20720205096
Último dato utilizado: uniqueIDRS=PDP20720205097
Último dato utilizado: uniqueIDRS=PDP20720205098
Último dato utilizado: uniqueIDRS=PDP20720205099
Último dato utilizado: uniqueIDRS=PDP20720205100
Último dato utilizado: uniqueIDRS=PDP20720205101
Último dato utilizado: uniqueIDRS=PDP20720205102
Último dato utilizado: uniqueIDRS=PDP20720205103
Último dato utilizado: uniqueIDRS=PDP20720205104
Último dato utilizado: uniqueIDRS=PDP20720205105
Último dato utilizado: uniqueIDRS=PDP20720205106
Último dato utilizado: uniqueIDRS=PDP20720205107
Último dato utilizado: uniqueIDRS=PDP20720205108
Último dato utilizado: uniqueIDRS=PDP20720205109
Último dato utilizado: uniqueIDRS=PDP20720205110
Último dato utilizado: uniqueIDRS=PDP20720205111
Último dato utilizado: uniqueIDRS=PDP20720205112
Último dato utilizado: uniqueIDRS=PDP20720205113
Último dato utilizado: uniqueIDRS=PDP20720205114
Último dato utilizado: uniqueIDRS=PDP20720205115
Último dato utilizado: uniqueIDRS=PDP20720205116
Último dato utilizado: uniqueIDRS=PDP20720205117
Último dato utilizado: uniqueIDRS=PDP20720205118
Último dato utilizado: uniqueIDRS=PDP20720205119
Último dato utilizado: uniqueIDRS=PDP20720205120
Último dato utilizado: uniqueIDRS=PDP20720205121
Último dato utilizado: uniqueIDRS=PDP20720205122
Último dato utilizado: uniqueIDRS=PDP20720205123
Último dato utilizado: uniqueIDRS=PDP20720205124
Último dato utilizado: uniqueIDRS=PDP20720205125
Último dato utilizado: uniqueIDRS=PDP20720205126
Último dato utilizado: uniqueIDRS=PDP20720205127
Último dato utilizado: uniqueIDRS=PDP20720205128
Último dato utilizado: uniqueIDRS=PDP20720205129
Último dato utilizado: uniqueIDRS=PDP20720205130
Último dato utilizado: uniqueIDRS=PDP20720205131
Último dato utilizado: uniqueIDRS=PDP20720205132
Último dato utilizado: uniqueIDRS=PDP20720205133
Último dato utilizado: uniqueIDRS=PDP20720205134
Último dato utilizado: uniqueIDRS=PDP20720205135
Último dato utilizado: uniqueIDRS=PDP20720205136
Último dato utilizado: uniqueIDRS=PDP20720205137
Último dato utilizado: uniqueIDRS=PDP20720205138
Último dato utilizado: uniqueIDRS=PDP20720205139
Último dato utilizado: uniqueIDRS=PDP20720205140
Último dato utilizado: uniqueIDRS=PDP20720205141
Último dato utilizado: uniqueIDRS=PDP20720205142
Último dato utilizado: uniqueIDRS=PDP20720205143
Último dato utilizado: uniqueIDRS=PDP20720205144
Último dato utilizado: uniqueIDRS=PDP20720205145
Último dato utilizado: uniqueIDRS=PDP20720205146
Último dato utilizado: uniqueIDRS=PDP20720205147
Último dato utilizado: uniqueIDRS=PDP20720205148
Último dato utilizado: uniqueIDRS=PDP20720205149
Último dato utilizado: uniqueIDRS=PDP20720205150
Último dato utilizado: uniqueIDRS=PDP20720205151
Último dato utilizado: uniqueIDRS=PDP20720205152
Último dato utilizado: uniqueIDRS=PDP20720205153
Último dato utilizado: uniqueIDRS=PDP20720205154
Último dato utilizado: uniqueIDRS=PDP20720205155
Último dato utilizado: uniqueIDRS=PDP20720205156
Último dato utilizado: uniqueIDRS=PDP20720205157
Último dato utilizado: uniqueIDRS=PDP20720205158
Último dato utilizado: uniqueIDRS=PDP20720205159
Último dato utilizado: uniqueIDRS=PDP20720205160
Último dato utilizado: uniqueIDRS=PDP20720205161
Último dato utilizado: uniqueIDRS=PDP20720205162
Último dato utilizado: uniqueIDRS=PDP20720205163
Último dato utilizado: uniqueIDRS=PDP20720205164
Último dato utilizado: uniqueIDRS=PDP20720205165
Último dato utilizado: uniqueIDRS=PDP20720205166
Último dato utilizado: uniqueIDRS=PDP20720205167
Último dato utilizado: uniqueIDRS=PDP20720205168
Último dato utilizado: uniqueIDRS=PDP20720205169
Último dato utilizado: uniqueIDRS=PDP20720205170
Último dato utilizado: uniqueIDRS=PDP20720205171
Último dato utilizado: uniqueIDRS=PDP20720205172
Último dato utilizado: uniqueIDRS=PDP20720205173
Último dato utilizado: uniqueIDRS=PDP20720205174
Último dato utilizado: uniqueIDRS=PDP20720205175
Último dato utilizado: uniqueIDRS=PDP20720205176
Último dato utilizado: uniqueIDRS=PDP20720205177
Último dato utilizado: uniqueIDRS=PDP20720205178
Último dato utilizado: uniqueIDRS=PDP20720205179
Último dato utilizado: uniqueIDRS=PDP20720205180
Último dato utilizado: uniqueIDRS=PDP20720205181
Último dato utilizado: uniqueIDRS=PDP20720205182
Último dato utilizado: uniqueIDRS=PDP20720205183
Último dato utilizado: uniqueIDRS=PDP20720205184
Último dato utilizado: uniqueIDRS=PDP20720205185
Último dato utilizado: uniqueIDRS=PDP20720205186
Último dato utilizado: uniqueIDRS=PDP20720205187
Último dato utilizado: uniqueIDRS=PDP20720205188
Último dato utilizado: uniqueIDRS=PDP20720205189
Último dato utilizado: uniqueIDRS=PDP20720205190
Último dato utilizado: uniqueIDRS=PDP20720205191
Último dato utilizado: uniqueIDRS=PDP20720205192
Último dato utilizado: uniqueIDRS=PDP20720205193
Último dato utilizado: uniqueIDRS=PDP20720205194
Último dato utilizado: uniqueIDRS=PDP20720205195
Último dato utilizado: uniqueIDRS=PDP20720205196
Último dato utilizado: uniqueIDRS=PDP20720205197
Último dato utilizado: uniqueIDRS=PDP20720205198
Último dato utilizado: uniqueIDRS=PDP20720205199
Último dato utilizado: uniqueIDRS=PDP20720205200
Último dato utilizado: uniqueIDRS=PDP20720205201
Último dato utilizado: uniqueIDRS=PDP20720205202
Último dato utilizado: uniqueIDRS=PDP20720205203
Último dato utilizado: uniqueIDRS=PDP20720205204
Último dato utilizado: uniqueIDRS=PDP20720205205
Último dato utilizado: uniqueIDRS=PDP20720205206
Último dato utilizado: uniqueIDRS=PDP20720205207
Último dato utilizado: uniqueIDRS=PDP20720205208
Último dato utilizado: uniqueIDRS=PDP20720205209
Último dato utilizado: uniqueIDRS=PDP20720205210
Último dato utilizado: uniqueIDRS=PDP20720205211
Último dato utilizado: uniqueIDRS=PDP20720205212
Último dato utilizado: uniqueIDRS=PDP20720205213
Último dato utilizado: uniqueIDRS=PDP20720205214
Último dato utilizado: uniqueIDRS=PDP20720205215
Último dato utilizado: uniqueIDRS=PDP20720205216
Último dato utilizado: uniqueIDRS=PDP20720205217
-------------
Último dato utilizado: uniqueIDRS=PDP20720205218
Último dato utilizado: uniqueIDRS=PDP20720205219
Último dato utilizado: uniqueIDRS=PDP20720205220
Último dato utilizado: uniqueIDRS=PDP20720205221
Último dato utilizado: uniqueIDRS=PDP20720205222
Último dato utilizado: uniqueIDRS=PDP20720205223
------------
Último dato utilizado: uniqueIDRS=PDP20720205224
Último dato utilizado: uniqueIDRS=PDP20720205225
Último dato utilizado: uniqueIDRS=PDP20720205226
Último dato utilizado: uniqueIDRS=PDP20720205227
Último dato utilizado: uniqueIDRS=PDP20720205228
---------Último dato utilizado: uniqueIDRS=PDP20720205224
Último dato utilizado: uniqueIDRS=PDP20720205225
Último dato utilizado: uniqueIDRS=PDP20720205226
Último dato utilizado: uniqueIDRS=PDP20720205227
Último dato utilizado: uniqueIDRS=PDP20720205228
Último dato utilizado: uniqueIDRS=PDP20720205229
Último dato utilizado: uniqueIDRS=PDP20720205230
-------------
Último dato utilizado: uniqueIDRS=PDP20207202434
Último dato utilizado: uniqueIDRS=PDP20207202435
Último dato utilizado: uniqueIDRS=PDP20207202436
Último dato utilizado: uniqueIDRS=PDP20207202437
Último dato utilizado: uniqueIDRS=PDP20207202438
Último dato utilizado: uniqueIDRS=PDP20207202439
Último dato utilizado: uniqueIDRS=PDP20207202440
Último dato utilizado: uniqueIDRS=PDP20207202441
Último dato utilizado: uniqueIDRS=PDP20207202442
Último dato utilizado: uniqueIDRS=PDP20207202443
Último dato utilizado: uniqueIDRS=PDP20207202444
Último dato utilizado: uniqueIDRS=PDP20207202445
Último dato utilizado: uniqueIDRS=PDP20207202446
Último dato utilizado: uniqueIDRS=PDP20207202447
Último dato utilizado: uniqueIDRS=PDP20207202448
Último dato utilizado: uniqueIDRS=PDP20207202449
Último dato utilizado: uniqueIDRS=PDP20207202450
Último dato utilizado: uniqueIDRS=PDP20207202451
Último dato utilizado: uniqueIDRS=PDP20207202452
Último dato utilizado: uniqueIDRS=PDP20207202453
Último dato utilizado: uniqueIDRS=PDP20207202454
Último dato utilizado: uniqueIDRS=PDP20207202455
Último dato utilizado: uniqueIDRS=PDP20207202456
Último dato utilizado: uniqueIDRS=PDP20207202457
Último dato utilizado: uniqueIDRS=PDP20207202458
Último dato utilizado: uniqueIDRS=PDP20207202459
Último dato utilizado: uniqueIDRS=PDP20207202460
Último dato utilizado: uniqueIDRS=PDP20207202461
Último dato utilizado: uniqueIDRS=PDP20207202462
Último dato utilizado: uniqueIDRS=PDP20207202463
Último dato utilizado: uniqueIDRS=PDP20207202464
Último dato utilizado: uniqueIDRS=PDP20207202465
Último dato utilizado: uniqueIDRS=PDP20207202466
Último dato utilizado: uniqueIDRS=PDP20207202467
Último dato utilizado: uniqueIDRS=PDP20207202468
Último dato utilizado: uniqueIDRS=PDP20207202469
Último dato utilizado: uniqueIDRS=PDP20207202470
Último dato utilizado: uniqueIDRS=PDP20207202471
Último dato utilizado: uniqueIDRS=PDP20207202472
Último dato utilizado: uniqueIDRS=PDP20207202473
Último dato utilizado: uniqueIDRS=PDP20207202474
Último dato utilizado: uniqueIDRS=PDP20207202475
Último dato utilizado: uniqueIDRS=PDP20207202476
Último dato utilizado: uniqueIDRS=PDP20207202477
Último dato utilizado: uniqueIDRS=PDP20207202478
Último dato utilizado: uniqueIDRS=PDP20207202479
Último dato utilizado: uniqueIDRS=PDP20207202480
Último dato utilizado: uniqueIDRS=PDP20207202481
Último dato utilizado: uniqueIDRS=PDP20207202482
Último dato utilizado: uniqueIDRS=PDP20207202483
Último dato utilizado: uniqueIDRS=PDP20207202484
Último dato utilizado: uniqueIDRS=PDP20207202485
Último dato utilizado: uniqueIDRS=PDP20207202486
Último dato utilizado: uniqueIDRS=PDP20207202487
Último dato utilizado: uniqueIDRS=PDP20207202488
Último dato utilizado: uniqueIDRS=PDP20207202489
Último dato utilizado: uniqueIDRS=PDP20207202490
Último dato utilizado: uniqueIDRS=PDP20207202491
Último dato utilizado: uniqueIDRS=PDP20207202492
Último dato utilizado: uniqueIDRS=PDP20207202493
Último dato utilizado: uniqueIDRS=PDP20207202494
Último dato utilizado: uniqueIDRS=PDP20207202495
Último dato utilizado: uniqueIDRS=PDP20207202496
Último dato utilizado: uniqueIDRS=PDP20207202497
Último dato utilizado: uniqueIDRS=PDP20207202498
Último dato utilizado: uniqueIDRS=PDP20207202499
Último dato utilizado: uniqueIDRS=PDP20207202500
Último dato utilizado: uniqueIDRS=PDP20207202501
Último dato utilizado: uniqueIDRS=PDP20207202502
Último dato utilizado: uniqueIDRS=PDP20207202503
Último dato utilizado: uniqueIDRS=PDP20207202504
Último dato utilizado: uniqueIDRS=PDP20207202505
Último dato utilizado: uniqueIDRS=PDP20207202506
Último dato utilizado: uniqueIDRS=PDP20207202507
Último dato utilizado: uniqueIDRS=PDP20207202508
Último dato utilizado: uniqueIDRS=PDP20207202509
Último dato utilizado: uniqueIDRS=PDP20207202510
Último dato utilizado: uniqueIDRS=PDP20207202511
Último dato utilizado: uniqueIDRS=PDP20207202512
Último dato utilizado: uniqueIDRS=PDP20207202513
Último dato utilizado: uniqueIDRS=PDP20207202514
Último dato utilizado: uniqueIDRS=PDP20207202515
Último dato utilizado: uniqueIDRS=PDP20207202516
Último dato utilizado: uniqueIDRS=PDP20207202517
Último dato utilizado: uniqueIDRS=PDP20207202518
Último dato utilizado: uniqueIDRS=PDP20207202519
Último dato utilizado: uniqueIDRS=PDP20207202520
Último dato utilizado: uniqueIDRS=PDP20207202521
Último dato utilizado: uniqueIDRS=PDP20207202522
Último dato utilizado: uniqueIDRS=PDP20207202523
Último dato utilizado: uniqueIDRS=PDP20207202524
Último dato utilizado: uniqueIDRS=PDP20207202525
Último dato utilizado: uniqueIDRS=PDP20207202526
Último dato utilizado: uniqueIDRS=PDP20207202527
Último dato utilizado: uniqueIDRS=PDP20207202528
Último dato utilizado: uniqueIDRS=PDP20207202529
Último dato utilizado: uniqueIDRS=PDP20207202530
Último dato utilizado: uniqueIDRS=PDP20207202531
Último dato utilizado: uniqueIDRS=PDP20207202532
Último dato utilizado: uniqueIDRS=PDP20207202533
Último dato utilizado: uniqueIDRS=PDP20207202534
Último dato utilizado: uniqueIDRS=PDP20207202535
Último dato utilizado: uniqueIDRS=PDP20207202536
Último dato utilizado: uniqueIDRS=PDP20207202537
Último dato utilizado: uniqueIDRS=PDP20207202538
Último dato utilizado: uniqueIDRS=PDP20207202539
Último dato utilizado: uniqueIDRS=PDP20207202540
Último dato utilizado: uniqueIDRS=PDP20207202541
Último dato utilizado: uniqueIDRS=PDP20207202542
Último dato utilizado: uniqueIDRS=PDP20207202543
Último dato utilizado: uniqueIDRS=PDP20207202544
Último dato utilizado: uniqueIDRS=PDP20207202545
Último dato utilizado: uniqueIDRS=PDP20207202546
Último dato utilizado: uniqueIDRS=PDP20207202547
Último dato utilizado: uniqueIDRS=PDP20207202548
Último dato utilizado: uniqueIDRS=PDP20207202549
Último dato utilizado: uniqueIDRS=PDP20207202550
Último dato utilizado: uniqueIDRS=PDP20207202551
Último dato utilizado: uniqueIDRS=PDP20207202552
Último dato utilizado: uniqueIDRS=PDP20207202553
Último dato utilizado: uniqueIDRS=PDP20207202554
Último dato utilizado: uniqueIDRS=PDP20207202555
Último dato utilizado: uniqueIDRS=PDP20207202556
Último dato utilizado: uniqueIDRS=PDP20207202557
Último dato utilizado: uniqueIDRS=PDP20207202558
Último dato utilizado: uniqueIDRS=PDP20207202559
Último dato utilizado: uniqueIDRS=PDP20207202560
Último dato utilizado: uniqueIDRS=PDP20207202561
Último dato utilizado: uniqueIDRS=PDP20207202562
Último dato utilizado: uniqueIDRS=PDP20207202563
Último dato utilizado: uniqueIDRS=PDP20207202564
Último dato utilizado: uniqueIDRS=PDP20207202565
Último dato utilizado: uniqueIDRS=PDP20207202566
Último dato utilizado: uniqueIDRS=PDP20207202567
Último dato utilizado: uniqueIDRS=PDP20207202568
Último dato utilizado: uniqueIDRS=PDP20207202569
Último dato utilizado: uniqueIDRS=PDP20207202570
Último dato utilizado: uniqueIDRS=PDP20207202571
Último dato utilizado: uniqueIDRS=PDP20207202572
Último dato utilizado: uniqueIDRS=PDP20207202573
Último dato utilizado: uniqueIDRS=PDP20207202574
Último dato utilizado: uniqueIDRS=PDP20207202575
Último dato utilizado: uniqueIDRS=PDP20207202576
Último dato utilizado: uniqueIDRS=PDP20207202577
Último dato utilizado: uniqueIDRS=PDP20207202578
Último dato utilizado: uniqueIDRS=PDP20207202579
Último dato utilizado: uniqueIDRS=PDP20207202580
Último dato utilizado: uniqueIDRS=PDP20207202581
Último dato utilizado: uniqueIDRS=PDP20207202582
Último dato utilizado: uniqueIDRS=PDP20207202583
Último dato utilizado: uniqueIDRS=PDP20207202584
Último dato utilizado: uniqueIDRS=PDP20207202585
Último dato utilizado: uniqueIDRS=PDP20207202586
Último dato utilizado: uniqueIDRS=PDP20207202587
Último dato utilizado: uniqueIDRS=PDP20207202588
Último dato utilizado: uniqueIDRS=PDP20207202589
Último dato utilizado: uniqueIDRS=PDP20207202590
Último dato utilizado: uniqueIDRS=PDP20207202591
Último dato utilizado: uniqueIDRS=PDP20207202592
Último dato utilizado: uniqueIDRS=PDP20207202593
Último dato utilizado: uniqueIDRS=PDP20207202594
Último dato utilizado: uniqueIDRS=PDP20207202595
Último dato utilizado: uniqueIDRS=PDP20207202596
Último dato utilizado: uniqueIDRS=PDP20207202597
Último dato utilizado: uniqueIDRS=PDP20207202598
Último dato utilizado: uniqueIDRS=PDP20207202599
Último dato utilizado: uniqueIDRS=PDP20207202600
Último dato utilizado: uniqueIDRS=PDP20207202601
Último dato utilizado: uniqueIDRS=PDP20207202602
Último dato utilizado: uniqueIDRS=PDP20207202603
Último dato utilizado: uniqueIDRS=PDP20207202604
Último dato utilizado: uniqueIDRS=PDP20207202605
Último dato utilizado: uniqueIDRS=PDP20207202606
Último dato utilizado: uniqueIDRS=PDP20207202607
Último dato utilizado: uniqueIDRS=PDP20207202608
Último dato utilizado: uniqueIDRS=PDP20207202609
Último dato utilizado: uniqueIDRS=PDP20207202610
Último dato utilizado: uniqueIDRS=PDP20207202611
Último dato utilizado: uniqueIDRS=PDP20207202612
Último dato utilizado: uniqueIDRS=PDP20207202613
Último dato utilizado: uniqueIDRS=PDP20207202614
Último dato utilizado: uniqueIDRS=PDP20207202615
Último dato utilizado: uniqueIDRS=PDP20207202616
Último dato utilizado: uniqueIDRS=PDP20207202617
Último dato utilizado: uniqueIDRS=PDP20207202618
Último dato utilizado: uniqueIDRS=PDP20207202619
Último dato utilizado: uniqueIDRS=PDP20207202620
Último dato utilizado: uniqueIDRS=PDP20207202621
-------------------Último dato utilizado: uniqueIDRS=PDP20207202622
Último dato utilizado: uniqueIDRS=PDP20207202623
Último dato utilizado: uniqueIDRS=PDP20207202624
Último dato utilizado: uniqueIDRS=PDP20207202625
Último dato utilizado: uniqueIDRS=PDP20207202626
Último dato utilizado: uniqueIDRS=PDP20207202627
Último dato utilizado: uniqueIDRS=PDP20207202628
Último dato utilizado: uniqueIDRS=PDP20207202629
Último dato utilizado: uniqueIDRS=PDP20207202630
Último dato utilizado: uniqueIDRS=PDP20207202631
Último dato utilizado: uniqueIDRS=PDP20207202632
Último dato utilizado: uniqueIDRS=PDP20207202633
Último dato utilizado: uniqueIDRS=PDP20207202634
Último dato utilizado: uniqueIDRS=PDP20207202635
Último dato utilizado: uniqueIDRS=PDP20207202636
Último dato utilizado: uniqueIDRS=PDP20207202637
Último dato utilizado: uniqueIDRS=PDP20207202638
Último dato utilizado: uniqueIDRS=PDP20207202639
Último dato utilizado: uniqueIDRS=PDP20207202640
Último dato utilizado: uniqueIDRS=PDP20207202641
Último dato utilizado: uniqueIDRS=PDP20207202642
Último dato utilizado: uniqueIDRS=PDP20207202643
Último dato utilizado: uniqueIDRS=PDP20207202644
Último dato utilizado: uniqueIDRS=PDP20207202645
Último dato utilizado: uniqueIDRS=PDP20207202646
Último dato utilizado: uniqueIDRS=PDP20207202647
Último dato utilizado: uniqueIDRS=PDP20207202648
Último dato utilizado: uniqueIDRS=PDP20207202649
Último dato utilizado: uniqueIDRS=PDP20207202650
Último dato utilizado: uniqueIDRS=PDP20207202651
Último dato utilizado: uniqueIDRS=PDP20207202652
Último dato utilizado: uniqueIDRS=PDP20207202653
Último dato utilizado: uniqueIDRS=PDP20207202654
Último dato utilizado: uniqueIDRS=PDP20207202655
Último dato utilizado: uniqueIDRS=PDP20207202656
Último dato utilizado: uniqueIDRS=PDP20207202657
Último dato utilizado: uniqueIDRS=PDP20207202658
Último dato utilizado: uniqueIDRS=PDP20207202659
Último dato utilizado: uniqueIDRS=PDP20207202660
Último dato utilizado: uniqueIDRS=PDP20207202661
Último dato utilizado: uniqueIDRS=PDP20207202662
Último dato utilizado: uniqueIDRS=PDP20207202663
Último dato utilizado: uniqueIDRS=PDP20207202664
Último dato utilizado: uniqueIDRS=PDP20207202665
Último dato utilizado: uniqueIDRS=PDP20207202666
Último dato utilizado: uniqueIDRS=PDP20207202667
Último dato utilizado: uniqueIDRS=PDP20207202668
Último dato utilizado: uniqueIDRS=PDP20207202669
Último dato utilizado: uniqueIDRS=PDP20207202670
Último dato utilizado: uniqueIDRS=PDP20207202671
Último dato utilizado: uniqueIDRS=PDP20207202672
Último dato utilizado: uniqueIDRS=PDP20207202673
Último dato utilizado: uniqueIDRS=PDP20207202674
Último dato utilizado: uniqueIDRS=PDP20207202675
Último dato utilizado: uniqueIDRS=PDP20207202676
Último dato utilizado: uniqueIDRS=PDP20207202677
Último dato utilizado: uniqueIDRS=PDP20207202678
Último dato utilizado: uniqueIDRS=PDP20207202679
Último dato utilizado: uniqueIDRS=PDP20207202680
Último dato utilizado: uniqueIDRS=PDP20207202681
Último dato utilizado: uniqueIDRS=PDP20207202682
Último dato utilizado: uniqueIDRS=PDP20207202683
Último dato utilizado: uniqueIDRS=PDP20207202684
Último dato utilizado: uniqueIDRS=PDP20207202685
Último dato utilizado: uniqueIDRS=PDP20207202686
Último dato utilizado: uniqueIDRS=PDP20207202687
Último dato utilizado: uniqueIDRS=PDP20207202688
Último dato utilizado: uniqueIDRS=PDP20207202689
Último dato utilizado: uniqueIDRS=PDP20207202690
Último dato utilizado: uniqueIDRS=PDP20207202691
Último dato utilizado: uniqueIDRS=PDP20207202692
Último dato utilizado: uniqueIDRS=PDP20207202693
Último dato utilizado: uniqueIDRS=PDP20207202694
Último dato utilizado: uniqueIDRS=PDP20207202695
Último dato utilizado: uniqueIDRS=PDP20207202696
Último dato utilizado: uniqueIDRS=PDP20207202697
Último dato utilizado: uniqueIDRS=PDP20207202698
Último dato utilizado: uniqueIDRS=PDP20207202699
Último dato utilizado: uniqueIDRS=PDP20207202700
Último dato utilizado: uniqueIDRS=PDP20207202701
Último dato utilizado: uniqueIDRS=PDP20207202702
Último dato utilizado: uniqueIDRS=PDP20207202703
Último dato utilizado: uniqueIDRS=PDP20207202704
Último dato utilizado: uniqueIDRS=PDP20207202705
Último dato utilizado: uniqueIDRS=PDP20207202706
Último dato utilizado: uniqueIDRS=PDP20207202707
Último dato utilizado: uniqueIDRS=PDP20207202708
Último dato utilizado: uniqueIDRS=PDP20207202709
Último dato utilizado: uniqueIDRS=PDP20207202710
Último dato utilizado: uniqueIDRS=PDP20207202711
Último dato utilizado: uniqueIDRS=PDP20207202712
Último dato utilizado: uniqueIDRS=PDP20207202713
Último dato utilizado: uniqueIDRS=PDP20207202714
Último dato utilizado: uniqueIDRS=PDP20207202715
Último dato utilizado: uniqueIDRS=PDP20207202716
Último dato utilizado: uniqueIDRS=PDP20207202717
Último dato utilizado: uniqueIDRS=PDP20207202718
Último dato utilizado: uniqueIDRS=PDP20207202719
Último dato utilizado: uniqueIDRS=PDP20207202720
Último dato utilizado: uniqueIDRS=PDP20207202721
Último dato utilizado: uniqueIDRS=PDP20207202722
Último dato utilizado: uniqueIDRS=PDP20207202723
Último dato utilizado: uniqueIDRS=PDP20207202724
Último dato utilizado: uniqueIDRS=PDP20207202725
Último dato utilizado: uniqueIDRS=PDP20207202726
Último dato utilizado: uniqueIDRS=PDP20207202727
Último dato utilizado: uniqueIDRS=PDP20207202728
Último dato utilizado: uniqueIDRS=PDP20207202729
Último dato utilizado: uniqueIDRS=PDP20207202730
Último dato utilizado: uniqueIDRS=PDP20207202731
Último dato utilizado: uniqueIDRS=PDP20207202732
Último dato utilizado: uniqueIDRS=PDP20207202733
Último dato utilizado: uniqueIDRS=PDP20207202734
Último dato utilizado: uniqueIDRS=PDP20207202735
Último dato utilizado: uniqueIDRS=PDP20207202736
Último dato utilizado: uniqueIDRS=PDP20207202737
Último dato utilizado: uniqueIDRS=PDP20207202738
Último dato utilizado: uniqueIDRS=PDP20207202739
Último dato utilizado: uniqueIDRS=PDP20207202740
Último dato utilizado: uniqueIDRS=PDP20207202741
Último dato utilizado: uniqueIDRS=PDP20207202742
Último dato utilizado: uniqueIDRS=PDP20207202743
Último dato utilizado: uniqueIDRS=PDP20207202744
Último dato utilizado: uniqueIDRS=PDP20207202745
Último dato utilizado: uniqueIDRS=PDP20207202746
Último dato utilizado: uniqueIDRS=PDP20207202747
Último dato utilizado: uniqueIDRS=PDP20207202748
Último dato utilizado: uniqueIDRS=PDP20207202749
Último dato utilizado: uniqueIDRS=PDP20207202750
Último dato utilizado: uniqueIDRS=PDP20207202751
Último dato utilizado: uniqueIDRS=PDP20207202752
Último dato utilizado: uniqueIDRS=PDP20207202753
Último dato utilizado: uniqueIDRS=PDP20207202754
Último dato utilizado: uniqueIDRS=PDP20207202755
Último dato utilizado: uniqueIDRS=PDP20207202756
Último dato utilizado: uniqueIDRS=PDP20207202757
Último dato utilizado: uniqueIDRS=PDP20207202758
Último dato utilizado: uniqueIDRS=PDP20207202759
Último dato utilizado: uniqueIDRS=PDP20207202760
Último dato utilizado: uniqueIDRS=PDP20207202761
Último dato utilizado: uniqueIDRS=PDP20207202762
Último dato utilizado: uniqueIDRS=PDP20207202763
Último dato utilizado: uniqueIDRS=PDP20207202764
Último dato utilizado: uniqueIDRS=PDP20207202765
Último dato utilizado: uniqueIDRS=PDP20207202766
Último dato utilizado: uniqueIDRS=PDP20207202767
Último dato utilizado: uniqueIDRS=PDP20207202768
Último dato utilizado: uniqueIDRS=PDP20207202769
Último dato utilizado: uniqueIDRS=PDP20207202770
Último dato utilizado: uniqueIDRS=PDP20207202771
Último dato utilizado: uniqueIDRS=PDP20207202772
Último dato utilizado: uniqueIDRS=PDP20207202773
Último dato utilizado: uniqueIDRS=PDP20207202774
Último dato utilizado: uniqueIDRS=PDP20207202775
Último dato utilizado: uniqueIDRS=PDP20207202776
Último dato utilizado: uniqueIDRS=PDP20207202777
Último dato utilizado: uniqueIDRS=PDP20207202778
Último dato utilizado: uniqueIDRS=PDP20207202779
Último dato utilizado: uniqueIDRS=PDP20207202780
Último dato utilizado: uniqueIDRS=PDP20207202781
Último dato utilizado: uniqueIDRS=PDP20207202782
Último dato utilizado: uniqueIDRS=PDP20207202783
Último dato utilizado: uniqueIDRS=PDP20207202784
Último dato utilizado: uniqueIDRS=PDP20207202785
Último dato utilizado: uniqueIDRS=PDP20207202786
Último dato utilizado: uniqueIDRS=PDP20207202787
Último dato utilizado: uniqueIDRS=PDP20207202788
Último dato utilizado: uniqueIDRS=PDP20207202789
Último dato utilizado: uniqueIDRS=PDP20207202790
Último dato utilizado: uniqueIDRS=PDP20207202791
----------Último dato utilizado: uniqueIDRS=PDP20207202792
Último dato utilizado: uniqueIDRS=PDP20207202793
Último dato utilizado: uniqueIDRS=PDP20207202794
Último dato utilizado: uniqueIDRS=PDP20207202795
Último dato utilizado: uniqueIDRS=PDP20207202796
Último dato utilizado: uniqueIDRS=PDP20207202797
Último dato utilizado: uniqueIDRS=PDP20207202798
Último dato utilizado: uniqueIDRS=PDP20207202799
Último dato utilizado: uniqueIDRS=PDP20207202800
Último dato utilizado: uniqueIDRS=PDP20207202801
Último dato utilizado: uniqueIDRS=PDP20207202802
Último dato utilizado: uniqueIDRS=PDP20207202803
Último dato utilizado: uniqueIDRS=PDP20207202804
Último dato utilizado: uniqueIDRS=PDP20207202805
Último dato utilizado: uniqueIDRS=PDP20207202806
Último dato utilizado: uniqueIDRS=PDP20207202807
Último dato utilizado: uniqueIDRS=PDP20207202808
Último dato utilizado: uniqueIDRS=PDP20207202809
Último dato utilizado: uniqueIDRS=PDP20207202810
Último dato utilizado: uniqueIDRS=PDP20207202811
Último dato utilizado: uniqueIDRS=PDP20207202812
Último dato utilizado: uniqueIDRS=PDP20207202813
Último dato utilizado: uniqueIDRS=PDP20207202814
Último dato utilizado: uniqueIDRS=PDP20207202815
Último dato utilizado: uniqueIDRS=PDP20207202816
Último dato utilizado: uniqueIDRS=PDP20207202817
Último dato utilizado: uniqueIDRS=PDP20207202818
Último dato utilizado: uniqueIDRS=PDP20207202819
Último dato utilizado: uniqueIDRS=PDP20207202820
Último dato utilizado: uniqueIDRS=PDP20207202821
Último dato utilizado: uniqueIDRS=PDP20207202822
Último dato utilizado: uniqueIDRS=PDP20207202823
Último dato utilizado: uniqueIDRS=PDP20207202824
Último dato utilizado: uniqueIDRS=PDP20207202825
Último dato utilizado: uniqueIDRS=PDP20207202826
Último dato utilizado: uniqueIDRS=PDP20207202827
Último dato utilizado: uniqueIDRS=PDP20207202828
Último dato utilizado: uniqueIDRS=PDP20207202829
Último dato utilizado: uniqueIDRS=PDP20207202830
Último dato utilizado: uniqueIDRS=PDP20207202831
Último dato utilizado: uniqueIDRS=PDP20207202832
Último dato utilizado: uniqueIDRS=PDP20207202833
Último dato utilizado: uniqueIDRS=PDP20207202834
Último dato utilizado: uniqueIDRS=PDP20207202835
Último dato utilizado: uniqueIDRS=PDP20207202836
Último dato utilizado: uniqueIDRS=PDP20207202837
Último dato utilizado: uniqueIDRS=PDP20207202838
Último dato utilizado: uniqueIDRS=PDP20207202839
Último dato utilizado: uniqueIDRS=PDP20207202840
Último dato utilizado: uniqueIDRS=PDP20207202841
Último dato utilizado: uniqueIDRS=PDP20207202842
Último dato utilizado: uniqueIDRS=PDP20207202843
Último dato utilizado: uniqueIDRS=PDP20207202844
Último dato utilizado: uniqueIDRS=PDP20207202845
Último dato utilizado: uniqueIDRS=PDP20207202846
Último dato utilizado: uniqueIDRS=PDP20207202847
Último dato utilizado: uniqueIDRS=PDP20207202848
Último dato utilizado: uniqueIDRS=PDP20207202849
Último dato utilizado: uniqueIDRS=PDP20207202850
Último dato utilizado: uniqueIDRS=PDP20207202851
Último dato utilizado: uniqueIDRS=PDP20207202852
Último dato utilizado: uniqueIDRS=PDP20207202853
Último dato utilizado: uniqueIDRS=PDP20207202854
Último dato utilizado: uniqueIDRS=PDP20207202855
Último dato utilizado: uniqueIDRS=PDP20207202856
Último dato utilizado: uniqueIDRS=PDP20207202857
Último dato utilizado: uniqueIDRS=PDP20207202858
Último dato utilizado: uniqueIDRS=PDP20207202859
Último dato utilizado: uniqueIDRS=PDP20207202860
Último dato utilizado: uniqueIDRS=PDP20207202861
Último dato utilizado: uniqueIDRS=PDP20207202862
Último dato utilizado: uniqueIDRS=PDP20207202863
Último dato utilizado: uniqueIDRS=PDP20207202864
Último dato utilizado: uniqueIDRS=PDP20207202865
Último dato utilizado: uniqueIDRS=PDP20207202866
Último dato utilizado: uniqueIDRS=PDP20207202867
Último dato utilizado: uniqueIDRS=PDP20207202868
Último dato utilizado: uniqueIDRS=PDP20207202869
Último dato utilizado: uniqueIDRS=PDP20207202870
Último dato utilizado: uniqueIDRS=PDP20207202871
Último dato utilizado: uniqueIDRS=PDP20207202872
Último dato utilizado: uniqueIDRS=PDP20207202873
Último dato utilizado: uniqueIDRS=PDP20207202874
Último dato utilizado: uniqueIDRS=PDP20207202875
Último dato utilizado: uniqueIDRS=PDP20207202876
Último dato utilizado: uniqueIDRS=PDP20207202877
Último dato utilizado: uniqueIDRS=PDP20207202878
Último dato utilizado: uniqueIDRS=PDP20207202879
Último dato utilizado: uniqueIDRS=PDP20207202880
Último dato utilizado: uniqueIDRS=PDP20207202881
Último dato utilizado: uniqueIDRS=PDP20207202882
Último dato utilizado: uniqueIDRS=PDP20207202883
Último dato utilizado: uniqueIDRS=PDP20207202884
Último dato utilizado: uniqueIDRS=PDP20207202885
Último dato utilizado: uniqueIDRS=PDP20207202886
Último dato utilizado: uniqueIDRS=PDP20207202887
Último dato utilizado: uniqueIDRS=PDP20207202888
Último dato utilizado: uniqueIDRS=PDP20207202889
Último dato utilizado: uniqueIDRS=PDP20207202890
Último dato utilizado: uniqueIDRS=PDP20207202891
Último dato utilizado: uniqueIDRS=PDP20207202892
Último dato utilizado: uniqueIDRS=PDP20207202893
Último dato utilizado: uniqueIDRS=PDP20207202894
Último dato utilizado: uniqueIDRS=PDP20207202895
Último dato utilizado: uniqueIDRS=PDP20207202896
Último dato utilizado: uniqueIDRS=PDP20207202897
Último dato utilizado: uniqueIDRS=PDP20207202898
Último dato utilizado: uniqueIDRS=PDP20207202899
Último dato utilizado: uniqueIDRS=PDP20207202900
Último dato utilizado: uniqueIDRS=PDP20207202901
Último dato utilizado: uniqueIDRS=PDP20207202902
Último dato utilizado: uniqueIDRS=PDP20207202903
Último dato utilizado: uniqueIDRS=PDP20207202904
Último dato utilizado: uniqueIDRS=PDP20207202905
Último dato utilizado: uniqueIDRS=PDP20207202906
Último dato utilizado: uniqueIDRS=PDP20207202907
Último dato utilizado: uniqueIDRS=PDP20207202908
Último dato utilizado: uniqueIDRS=PDP20207202909
Último dato utilizado: uniqueIDRS=PDP20207202910
Último dato utilizado: uniqueIDRS=PDP20207202911
Último dato utilizado: uniqueIDRS=PDP20207202912
Último dato utilizado: uniqueIDRS=PDP20207202913
Último dato utilizado: uniqueIDRS=PDP20207202914
Último dato utilizado: uniqueIDRS=PDP20207202915
Último dato utilizado: uniqueIDRS=PDP20207202916
Último dato utilizado: uniqueIDRS=PDP20207202917
Último dato utilizado: uniqueIDRS=PDP20207202918
Último dato utilizado: uniqueIDRS=PDP20207202919
Último dato utilizado: uniqueIDRS=PDP20207202920
Último dato utilizado: uniqueIDRS=PDP20207202921
Último dato utilizado: uniqueIDRS=PDP20207202922
Último dato utilizado: uniqueIDRS=PDP20207202923
Último dato utilizado: uniqueIDRS=PDP20207202924
Último dato utilizado: uniqueIDRS=PDP20207202925
Último dato utilizado: uniqueIDRS=PDP20207202926
Último dato utilizado: uniqueIDRS=PDP20207202927
Último dato utilizado: uniqueIDRS=PDP20207202928
Último dato utilizado: uniqueIDRS=PDP20207202929
Último dato utilizado: uniqueIDRS=PDP20207202930
Último dato utilizado: uniqueIDRS=PDP20207202931
Último dato utilizado: uniqueIDRS=PDP20207202932
Último dato utilizado: uniqueIDRS=PDP20207202933
Último dato utilizado: uniqueIDRS=PDP20207202934
Último dato utilizado: uniqueIDRS=PDP20207202935
Último dato utilizado: uniqueIDRS=PDP20207202936
Último dato utilizado: uniqueIDRS=PDP20207202937
Último dato utilizado: uniqueIDRS=PDP20207202938
Último dato utilizado: uniqueIDRS=PDP20207202939
Último dato utilizado: uniqueIDRS=PDP20207202940
Último dato utilizado: uniqueIDRS=PDP20207202941
Último dato utilizado: uniqueIDRS=PDP20207202942
Último dato utilizado: uniqueIDRS=PDP20207202943
Último dato utilizado: uniqueIDRS=PDP20207202944
Último dato utilizado: uniqueIDRS=PDP20207202945
Último dato utilizado: uniqueIDRS=PDP20207202946
Último dato utilizado: uniqueIDRS=PDP20207202947
Último dato utilizado: uniqueIDRS=PDP20207202948
Último dato utilizado: uniqueIDRS=PDP20207202949
Último dato utilizado: uniqueIDRS=PDP20207202950
Último dato utilizado: uniqueIDRS=PDP20207202951
Último dato utilizado: uniqueIDRS=PDP20207202952
Último dato utilizado: uniqueIDRS=PDP20207202953
Último dato utilizado: uniqueIDRS=PDP20207202954
Último dato utilizado: uniqueIDRS=PDP20207202955
Último dato utilizado: uniqueIDRS=PDP20207202956
Último dato utilizado: uniqueIDRS=PDP20207202957
Último dato utilizado: uniqueIDRS=PDP20207202958
Último dato utilizado: uniqueIDRS=PDP20207202959
Último dato utilizado: uniqueIDRS=PDP20207202960
Último dato utilizado: uniqueIDRS=PDP20207202961
Último dato utilizado: uniqueIDRS=PDP20207202962
Último dato utilizado: uniqueIDRS=PDP20207202963
Último dato utilizado: uniqueIDRS=PDP20207202964
Último dato utilizado: uniqueIDRS=PDP20207202965
Último dato utilizado: uniqueIDRS=PDP20207202966
Último dato utilizado: uniqueIDRS=PDP20207202967
Último dato utilizado: uniqueIDRS=PDP20207202968
Último dato utilizado: uniqueIDRS=PDP20207202969
Último dato utilizado: uniqueIDRS=PDP20207202970
Último dato utilizado: uniqueIDRS=PDP20207202971
Último dato utilizado: uniqueIDRS=PDP20207202972
Último dato utilizado: uniqueIDRS=PDP20207202973
Último dato utilizado: uniqueIDRS=PDP20207202974
Último dato utilizado: uniqueIDRS=PDP20207202975
Último dato utilizado: uniqueIDRS=PDP20207202976
Último dato utilizado: uniqueIDRS=PDP20207202977
Último dato utilizado: uniqueIDRS=PDP20207202978
Último dato utilizado: uniqueIDRS=PDP20207202979
Último dato utilizado: uniqueIDRS=PDP20207202980
Último dato utilizado: uniqueIDRS=PDP20207202981
Último dato utilizado: uniqueIDRS=PDP20207202982
Último dato utilizado: uniqueIDRS=PDP20207202983
Último dato utilizado: uniqueIDRS=PDP20207202984
Último dato utilizado: uniqueIDRS=PDP20207202985
Último dato utilizado: uniqueIDRS=PDP20207202986
Último dato utilizado: uniqueIDRS=PDP20207202987
Último dato utilizado: uniqueIDRS=PDP20207202988
Último dato utilizado: uniqueIDRS=PDP20207202989
Último dato utilizado: uniqueIDRS=PDP20207202990
Último dato utilizado: uniqueIDRS=PDP20207202991
Último dato utilizado: uniqueIDRS=PDP20207202992
Último dato utilizado: uniqueIDRS=PDP20207202993
Último dato utilizado: uniqueIDRS=PDP20207202994
Último dato utilizado: uniqueIDRS=PDP20207202995
Último dato utilizado: uniqueIDRS=PDP20207202996
Último dato utilizado: uniqueIDRS=PDP20207202997
Último dato utilizado: uniqueIDRS=PDP20207202998
Último dato utilizado: uniqueIDRS=PDP20207202999
Último dato utilizado: uniqueIDRS=PDP20207203000
Último dato utilizado: uniqueIDRS=PDP20207203001
Último dato utilizado: uniqueIDRS=PDP20207203002
Último dato utilizado: uniqueIDRS=PDP20207203003
Último dato utilizado: uniqueIDRS=PDP20207203004
Último dato utilizado: uniqueIDRS=PDP20207203005
Último dato utilizado: uniqueIDRS=PDP20207203006
Último dato utilizado: uniqueIDRS=PDP20207203007
Último dato utilizado: uniqueIDRS=PDP20207203008
Último dato utilizado: uniqueIDRS=PDP20207203009
Último dato utilizado: uniqueIDRS=PDP20207203010
Último dato utilizado: uniqueIDRS=PDP20207203011
Último dato utilizado: uniqueIDRS=PDP20207203012
Último dato utilizado: uniqueIDRS=PDP20207203013
-----------------Último dato utilizado: uniqueIDRS=PDP10307240001
Último dato utilizado: uniqueIDRS=PDP10307240002
Último dato utilizado: uniqueIDRS=PDP10307240003
Último dato utilizado: uniqueIDRS=PDP10307240004
Último dato utilizado: uniqueIDRS=PDP10307240001
Último dato utilizado: uniqueIDRS=PDP10307240006
Último dato utilizado: uniqueIDRS=PDP10307240007
Último dato utilizado: uniqueIDRS=PDP10307240008
Último dato utilizado: uniqueIDRS=PDP10307240009
Último dato utilizado: uniqueIDRS=PDP10307240010
Último dato utilizado: uniqueIDRS=PDP10307240011
Último dato utilizado: uniqueIDRS=PDP10307240012
Último dato utilizado: uniqueIDRS=PDP10307240013
Último dato utilizado: uniqueIDRS=PDP10307240014
Último dato utilizado: uniqueIDRS=PDP10307240015
Último dato utilizado: uniqueIDRS=PDP10307240016
Último dato utilizado: uniqueIDRS=PDP10307240017
Último dato utilizado: uniqueIDRS=PDP10307240018
Último dato utilizado: uniqueIDRS=PDP10307240019
Último dato utilizado: uniqueIDRS=PDP10307240020
Último dato utilizado: uniqueIDRS=PDP10307240021
Último dato utilizado: uniqueIDRS=PDP10307240022
Último dato utilizado: uniqueIDRS=PDP10307240023
Último dato utilizado: uniqueIDRS=PDP10307240024
Último dato utilizado: uniqueIDRS=PDP10307240025
Último dato utilizado: uniqueIDRS=PDP10307240026
Último dato utilizado: uniqueIDRS=PDP10307240027
Último dato utilizado: uniqueIDRS=PDP10307240028
Último dato utilizado: uniqueIDRS=PDP10307240029
Último dato utilizado: uniqueIDRS=PDP10307240030
Último dato utilizado: uniqueIDRS=PDP10307240031
Último dato utilizado: uniqueIDRS=PDP10307240032
Último dato utilizado: uniqueIDRS=PDP10307240033
Último dato utilizado: uniqueIDRS=PDP10307240034
Último dato utilizado: uniqueIDRS=PDP10307240035
Último dato utilizado: uniqueIDRS=PDP10307240036
Último dato utilizado: uniqueIDRS=PDP10307240037
Último dato utilizado: uniqueIDRS=PDP10307240038
Último dato utilizado: uniqueIDRS=PDP10307240039
Último dato utilizado: uniqueIDRS=PDP10307240040
Último dato utilizado: uniqueIDRS=PDP10307240041
Último dato utilizado: uniqueIDRS=PDP10307240042
Último dato utilizado: uniqueIDRS=PDP10307240043
Último dato utilizado: uniqueIDRS=PDP10307240044
Último dato utilizado: uniqueIDRS=PDP10307240045
Último dato utilizado: uniqueIDRS=PDP10307240046
Último dato utilizado: uniqueIDRS=PDP10307240047
Último dato utilizado: uniqueIDRS=PDP10307240048
Último dato utilizado: uniqueIDRS=PDP10307240049
Último dato utilizado: uniqueIDRS=PDP10307240050
Último dato utilizado: uniqueIDRS=PDP10307240051
Último dato utilizado: uniqueIDRS=PDP10307240052
Último dato utilizado: uniqueIDRS=PDP10307240053
Último dato utilizado: uniqueIDRS=PDP10307240054
Último dato utilizado: uniqueIDRS=PDP10307240055
Último dato utilizado: uniqueIDRS=PDP10307240056
Último dato utilizado: uniqueIDRS=PDP10307240057
Último dato utilizado: uniqueIDRS=PDP10307240058
Último dato utilizado: uniqueIDRS=PDP10307240059
Último dato utilizado: uniqueIDRS=PDP10307240060
Último dato utilizado: uniqueIDRS=PDP10307240061
Último dato utilizado: uniqueIDRS=PDP10307240062
Último dato utilizado: uniqueIDRS=PDP10307240063
Último dato utilizado: uniqueIDRS=PDP10307240064
Último dato utilizado: uniqueIDRS=PDP10307240065
Último dato utilizado: uniqueIDRS=PDP10307240066
Último dato utilizado: uniqueIDRS=PDP10307240067
Último dato utilizado: uniqueIDRS=PDP10307240068
Último dato utilizado: uniqueIDRS=PDP10307240069
Último dato utilizado: uniqueIDRS=PDP10307240070
Último dato utilizado: uniqueIDRS=PDP10307240071
Último dato utilizado: uniqueIDRS=PDP10307240072
Último dato utilizado: uniqueIDRS=PDP10307240073
Último dato utilizado: uniqueIDRS=PDP10307240074
Último dato utilizado: uniqueIDRS=PDP10307240075
Último dato utilizado: uniqueIDRS=PDP10307240076
Último dato utilizado: uniqueIDRS=PDP10307240077
Último dato utilizado: uniqueIDRS=PDP10307240078
Último dato utilizado: uniqueIDRS=PDP10307240079
Último dato utilizado: uniqueIDRS=PDP10307240080
Último dato utilizado: uniqueIDRS=PDP10307240081
Último dato utilizado: uniqueIDRS=PDP10307240082
Último dato utilizado: uniqueIDRS=PDP10307240083
Último dato utilizado: uniqueIDRS=PDP10307240084
Último dato utilizado: uniqueIDRS=PDP10307240085
Último dato utilizado: uniqueIDRS=PDP10307240086
Último dato utilizado: uniqueIDRS=PDP10307240087
Último dato utilizado: uniqueIDRS=PDP10307240088
Último dato utilizado: uniqueIDRS=PDP10307240089
Último dato utilizado: uniqueIDRS=PDP10307240090
Último dato utilizado: uniqueIDRS=PDP10307240091
Último dato utilizado: uniqueIDRS=PDP10307240092
Último dato utilizado: uniqueIDRS=PDP10307240093
Último dato utilizado: uniqueIDRS=PDP10307240094
Último dato utilizado: uniqueIDRS=PDP10307240095
Último dato utilizado: uniqueIDRS=PDP10307240096
Último dato utilizado: uniqueIDRS=PDP10307240097
Último dato utilizado: uniqueIDRS=PDP10307240098
Último dato utilizado: uniqueIDRS=PDP10307240099
Último dato utilizado: uniqueIDRS=PDP10307240100
Último dato utilizado: uniqueIDRS=PDP10307240101
Último dato utilizado: uniqueIDRS=PDP10307240102
Último dato utilizado: uniqueIDRS=PDP10307240103
Último dato utilizado: uniqueIDRS=PDP10307240104
Último dato utilizado: uniqueIDRS=PDP10307240105
Último dato utilizado: uniqueIDRS=PDP10307240106
Último dato utilizado: uniqueIDRS=PDP10307240107
Último dato utilizado: uniqueIDRS=PDP10307240108
Último dato utilizado: uniqueIDRS=PDP10307240109
Último dato utilizado: uniqueIDRS=PDP10307240110
Último dato utilizado: uniqueIDRS=PDP10307240111
Último dato utilizado: uniqueIDRS=PDP10307240112
Último dato utilizado: uniqueIDRS=PDP10307240113
Último dato utilizado: uniqueIDRS=PDP10307240114
Último dato utilizado: uniqueIDRS=PDP10307240115
Último dato utilizado: uniqueIDRS=PDP10307240116
Último dato utilizado: uniqueIDRS=PDP10307240117
Último dato utilizado: uniqueIDRS=PDP10307240118
Último dato utilizado: uniqueIDRS=PDP10307240119
Último dato utilizado: uniqueIDRS=PDP10307240120
Último dato utilizado: uniqueIDRS=PDP10307240121
Último dato utilizado: uniqueIDRS=PDP10307240122
Último dato utilizado: uniqueIDRS=PDP10307240123
Último dato utilizado: uniqueIDRS=PDP10307240124
Último dato utilizado: uniqueIDRS=PDP10307240125
Último dato utilizado: uniqueIDRS=PDP10307240126
Último dato utilizado: uniqueIDRS=PDP10307240127
Último dato utilizado: uniqueIDRS=PDP10307240128
Último dato utilizado: uniqueIDRS=PDP10307240129
Último dato utilizado: uniqueIDRS=PDP10307240130
Último dato utilizado: uniqueIDRS=PDP10307240131
Último dato utilizado: uniqueIDRS=PDP10307240132
Último dato utilizado: uniqueIDRS=PDP10307240133
Último dato utilizado: uniqueIDRS=PDP10307240134
Último dato utilizado: uniqueIDRS=PDP10307240135
Último dato utilizado: uniqueIDRS=PDP10307240136
Último dato utilizado: uniqueIDRS=PDP10307240137
Último dato utilizado: uniqueIDRS=PDP10307240138
Último dato utilizado: uniqueIDRS=PDP10307240139
Último dato utilizado: uniqueIDRS=PDP10307240140
Último dato utilizado: uniqueIDRS=PDP10307240141
Último dato utilizado: uniqueIDRS=PDP10307240142
Último dato utilizado: uniqueIDRS=PDP10307240143
Último dato utilizado: uniqueIDRS=PDP10307240144
Último dato utilizado: uniqueIDRS=PDP10307240145
Último dato utilizado: uniqueIDRS=PDP10307240146
Último dato utilizado: uniqueIDRS=PDP10307240147
Último dato utilizado: uniqueIDRS=PDP10307240148
Último dato utilizado: uniqueIDRS=PDP10307240149
Último dato utilizado: uniqueIDRS=PDP10307240150
Último dato utilizado: uniqueIDRS=PDP10307240151
Último dato utilizado: uniqueIDRS=PDP10307240152
Último dato utilizado: uniqueIDRS=PDP10307240153
Último dato utilizado: uniqueIDRS=PDP10307240154
Último dato utilizado: uniqueIDRS=PDP10307240155
Último dato utilizado: uniqueIDRS=PDP10307240156
Último dato utilizado: uniqueIDRS=PDP10307240157
Último dato utilizado: uniqueIDRS=PDP10307240158
Último dato utilizado: uniqueIDRS=PDP10307240159
Último dato utilizado: uniqueIDRS=PDP10307240160
Último dato utilizado: uniqueIDRS=PDP10307240161
Último dato utilizado: uniqueIDRS=PDP10307240162
Último dato utilizado: uniqueIDRS=PDP10307240163
Último dato utilizado: uniqueIDRS=PDP10307240164
Último dato utilizado: uniqueIDRS=PDP10307240165
Último dato utilizado: uniqueIDRS=PDP10307240166
Último dato utilizado: uniqueIDRS=PDP10307240167
Último dato utilizado: uniqueIDRS=PDP10307240168
Último dato utilizado: uniqueIDRS=PDP10307240169
Último dato utilizado: uniqueIDRS=PDP10307240170
Último dato utilizado: uniqueIDRS=PDP10307240171
Último dato utilizado: uniqueIDRS=PDP10307240172
Último dato utilizado: uniqueIDRS=PDP10307240173
Último dato utilizado: uniqueIDRS=PDP10307240174
Último dato utilizado: uniqueIDRS=PDP10307240175
Último dato utilizado: uniqueIDRS=PDP10307240176
Último dato utilizado: uniqueIDRS=PDP10307240177
Último dato utilizado: uniqueIDRS=PDP10307240178
Último dato utilizado: uniqueIDRS=PDP10307240179
Último dato utilizado: uniqueIDRS=PDP10307240180
Último dato utilizado: uniqueIDRS=PDP10307240181
Último dato utilizado: uniqueIDRS=PDP10307240182
Último dato utilizado: uniqueIDRS=PDP10307240183
Último dato utilizado: uniqueIDRS=PDP10307240184
Último dato utilizado: uniqueIDRS=PDP10307240185
Último dato utilizado: uniqueIDRS=PDP10307240186
Último dato utilizado: uniqueIDRS=PDP10307240187
Último dato utilizado: uniqueIDRS=PDP10307240188
Último dato utilizado: uniqueIDRS=PDP10307240189
Último dato utilizado: uniqueIDRS=PDP10307240190
----------Último dato utilizado: uniqueIDRS=PDP10307240190
Último dato utilizado: uniqueIDRS=PDP10307240191
Último dato utilizado: uniqueIDRS=PDP10307240192
Último dato utilizado: uniqueIDRS=PDP10307240193
Último dato utilizado: uniqueIDRS=PDP10307240194
Último dato utilizado: uniqueIDRS=PDP10307240195
Último dato utilizado: uniqueIDRS=PDP10307240196
Último dato utilizado: uniqueIDRS=PDP10307240197
Último dato utilizado: uniqueIDRS=PDP10307240198
Último dato utilizado: uniqueIDRS=PDP10307240199
Último dato utilizado: uniqueIDRS=PDP10307240200
Último dato utilizado: uniqueIDRS=PDP10307240201
Último dato utilizado: uniqueIDRS=PDP10307240202
Último dato utilizado: uniqueIDRS=PDP10307240203
Último dato utilizado: uniqueIDRS=PDP10307240204
Último dato utilizado: uniqueIDRS=PDP10307240205
Último dato utilizado: uniqueIDRS=PDP10307240206
Último dato utilizado: uniqueIDRS=PDP10307240207
Último dato utilizado: uniqueIDRS=PDP10307240208
Último dato utilizado: uniqueIDRS=PDP10307240209
Último dato utilizado: uniqueIDRS=PDP10307240210
Último dato utilizado: uniqueIDRS=PDP10307240211
Último dato utilizado: uniqueIDRS=PDP10307240212
Último dato utilizado: uniqueIDRS=PDP10307240213
Último dato utilizado: uniqueIDRS=PDP10307240214
Último dato utilizado: uniqueIDRS=PDP10307240215
Último dato utilizado: uniqueIDRS=PDP10307240216
Último dato utilizado: uniqueIDRS=PDP10307240217
Último dato utilizado: uniqueIDRS=PDP10307240218
Último dato utilizado: uniqueIDRS=PDP10307240219
Último dato utilizado: uniqueIDRS=PDP10307240220
Último dato utilizado: uniqueIDRS=PDP10307240221
Último dato utilizado: uniqueIDRS=PDP10307240222
Último dato utilizado: uniqueIDRS=PDP10307240223
Último dato utilizado: uniqueIDRS=PDP10307240224
Último dato utilizado: uniqueIDRS=PDP10307240225
Último dato utilizado: uniqueIDRS=PDP10307240226
Último dato utilizado: uniqueIDRS=PDP10307240227
Último dato utilizado: uniqueIDRS=PDP10307240228
Último dato utilizado: uniqueIDRS=PDP10307240229
Último dato utilizado: uniqueIDRS=PDP10307240230
Último dato utilizado: uniqueIDRS=PDP10307240231
Último dato utilizado: uniqueIDRS=PDP10307240232
Último dato utilizado: uniqueIDRS=PDP10307240233
Último dato utilizado: uniqueIDRS=PDP10307240234
Último dato utilizado: uniqueIDRS=PDP10307240235
Último dato utilizado: uniqueIDRS=PDP10307240236
Último dato utilizado: uniqueIDRS=PDP10307240237
Último dato utilizado: uniqueIDRS=PDP10307240238
Último dato utilizado: uniqueIDRS=PDP10307240239
Último dato utilizado: uniqueIDRS=PDP10307240240
Último dato utilizado: uniqueIDRS=PDP10307240241
Último dato utilizado: uniqueIDRS=PDP10307240242
Último dato utilizado: uniqueIDRS=PDP10307240243
Último dato utilizado: uniqueIDRS=PDP10307240244
Último dato utilizado: uniqueIDRS=PDP10307240245
Último dato utilizado: uniqueIDRS=PDP10307240246
Último dato utilizado: uniqueIDRS=PDP10307240247
Último dato utilizado: uniqueIDRS=PDP10307240248
Último dato utilizado: uniqueIDRS=PDP10307240249
Último dato utilizado: uniqueIDRS=PDP10307240250
Último dato utilizado: uniqueIDRS=PDP10307240251
Último dato utilizado: uniqueIDRS=PDP10307240252
Último dato utilizado: uniqueIDRS=PDP10307240253
Último dato utilizado: uniqueIDRS=PDP10307240254
Último dato utilizado: uniqueIDRS=PDP10307240255
Último dato utilizado: uniqueIDRS=PDP10307240256
Último dato utilizado: uniqueIDRS=PDP10307240257
Último dato utilizado: uniqueIDRS=PDP10307240258
Último dato utilizado: uniqueIDRS=PDP10307240259
Último dato utilizado: uniqueIDRS=PDP10307240260
Último dato utilizado: uniqueIDRS=PDP10307240261
Último dato utilizado: uniqueIDRS=PDP10307240262
Último dato utilizado: uniqueIDRS=PDP10307240263
Último dato utilizado: uniqueIDRS=PDP10307240264
Último dato utilizado: uniqueIDRS=PDP10307240265
Último dato utilizado: uniqueIDRS=PDP10307240266
Último dato utilizado: uniqueIDRS=PDP10307240267
Último dato utilizado: uniqueIDRS=PDP10307240268
Último dato utilizado: uniqueIDRS=PDP10307240269
Último dato utilizado: uniqueIDRS=PDP10307240270
Último dato utilizado: uniqueIDRS=PDP10307240271
Último dato utilizado: uniqueIDRS=PDP10307240272
Último dato utilizado: uniqueIDRS=PDP10307240273
Último dato utilizado: uniqueIDRS=PDP10307240274
Último dato utilizado: uniqueIDRS=PDP10307240275
Último dato utilizado: uniqueIDRS=PDP10307240276
Último dato utilizado: uniqueIDRS=PDP10307240277
Último dato utilizado: uniqueIDRS=PDP10307240278
Último dato utilizado: uniqueIDRS=PDP10307240279
Último dato utilizado: uniqueIDRS=PDP10307240280
Último dato utilizado: uniqueIDRS=PDP10307240281
Último dato utilizado: uniqueIDRS=PDP10307240282
Último dato utilizado: uniqueIDRS=PDP10307240283
Último dato utilizado: uniqueIDRS=PDP10307240284
Último dato utilizado: uniqueIDRS=PDP10307240285
Último dato utilizado: uniqueIDRS=PDP10307240286
Último dato utilizado: uniqueIDRS=PDP10307240287
Último dato utilizado: uniqueIDRS=PDP10307240288
Último dato utilizado: uniqueIDRS=PDP10307240289
Último dato utilizado: uniqueIDRS=PDP10307240290
Último dato utilizado: uniqueIDRS=PDP10307240291
Último dato utilizado: uniqueIDRS=PDP10307240292
Último dato utilizado: uniqueIDRS=PDP10307240293
Último dato utilizado: uniqueIDRS=PDP10307240294
Último dato utilizado: uniqueIDRS=PDP10307240295
Último dato utilizado: uniqueIDRS=PDP10307240296
Último dato utilizado: uniqueIDRS=PDP10307240297
Último dato utilizado: uniqueIDRS=PDP10307240298
Último dato utilizado: uniqueIDRS=PDP10307240299
Último dato utilizado: uniqueIDRS=PDP10307240300
Último dato utilizado: uniqueIDRS=PDP10307240301
Último dato utilizado: uniqueIDRS=PDP10307240302
Último dato utilizado: uniqueIDRS=PDP10307240303
Último dato utilizado: uniqueIDRS=PDP10307240304
Último dato utilizado: uniqueIDRS=PDP10307240305
Último dato utilizado: uniqueIDRS=PDP10307240306
Último dato utilizado: uniqueIDRS=PDP10307240307
Último dato utilizado: uniqueIDRS=PDP10307240308
Último dato utilizado: uniqueIDRS=PDP10307240309
Último dato utilizado: uniqueIDRS=PDP10307240310
Último dato utilizado: uniqueIDRS=PDP10307240311
Último dato utilizado: uniqueIDRS=PDP10307240312
Último dato utilizado: uniqueIDRS=PDP10307240313
Último dato utilizado: uniqueIDRS=PDP10307240314
Último dato utilizado: uniqueIDRS=PDP10307240315
Último dato utilizado: uniqueIDRS=PDP10307240316
Último dato utilizado: uniqueIDRS=PDP10307240317
Último dato utilizado: uniqueIDRS=PDP10307240318
Último dato utilizado: uniqueIDRS=PDP10307240319
Último dato utilizado: uniqueIDRS=PDP10307240320
Último dato utilizado: uniqueIDRS=PDP10307240321
Último dato utilizado: uniqueIDRS=PDP10307240322
Último dato utilizado: uniqueIDRS=PDP10307240323
Último dato utilizado: uniqueIDRS=PDP10307240324
Último dato utilizado: uniqueIDRS=PDP10307240325
Último dato utilizado: uniqueIDRS=PDP10307240326
Último dato utilizado: uniqueIDRS=PDP10307240327
Último dato utilizado: uniqueIDRS=PDP10307240328
Último dato utilizado: uniqueIDRS=PDP10307240329
Último dato utilizado: uniqueIDRS=PDP10307240330
Último dato utilizado: uniqueIDRS=PDP10307240331
Último dato utilizado: uniqueIDRS=PDP10307240332
Último dato utilizado: uniqueIDRS=PDP10307240333
Último dato utilizado: uniqueIDRS=PDP10307240334
Último dato utilizado: uniqueIDRS=PDP10307240335
Último dato utilizado: uniqueIDRS=PDP10307240336
Último dato utilizado: uniqueIDRS=PDP10307240337
Último dato utilizado: uniqueIDRS=PDP10307240338
Último dato utilizado: uniqueIDRS=PDP10307240339
Último dato utilizado: uniqueIDRS=PDP10307240340
Último dato utilizado: uniqueIDRS=PDP10307240341
Último dato utilizado: uniqueIDRS=PDP10307240342
Último dato utilizado: uniqueIDRS=PDP10307240343
Último dato utilizado: uniqueIDRS=PDP10307240344
Último dato utilizado: uniqueIDRS=PDP10307240345
Último dato utilizado: uniqueIDRS=PDP10307240346
Último dato utilizado: uniqueIDRS=PDP10307240347
Último dato utilizado: uniqueIDRS=PDP10307240348
Último dato utilizado: uniqueIDRS=PDP10307240349
Último dato utilizado: uniqueIDRS=PDP10307240350
Último dato utilizado: uniqueIDRS=PDP10307240351
Último dato utilizado: uniqueIDRS=PDP10307240352
Último dato utilizado: uniqueIDRS=PDP10307240353
Último dato utilizado: uniqueIDRS=PDP10307240354
Último dato utilizado: uniqueIDRS=PDP10307240355
Último dato utilizado: uniqueIDRS=PDP10307240356
Último dato utilizado: uniqueIDRS=PDP10307240357
Último dato utilizado: uniqueIDRS=PDP10307240358
Último dato utilizado: uniqueIDRS=PDP10307240359
Último dato utilizado: uniqueIDRS=PDP10307240360
Último dato utilizado: uniqueIDRS=PDP10307240361
Último dato utilizado: uniqueIDRS=PDP10307240362
Último dato utilizado: uniqueIDRS=PDP10307240363
Último dato utilizado: uniqueIDRS=PDP10307240364
Último dato utilizado: uniqueIDRS=PDP10307240365
Último dato utilizado: uniqueIDRS=PDP10307240366
Último dato utilizado: uniqueIDRS=PDP10307240367
Último dato utilizado: uniqueIDRS=PDP10307240368
Último dato utilizado: uniqueIDRS=PDP10307240369
Último dato utilizado: uniqueIDRS=PDP10307240370
Último dato utilizado: uniqueIDRS=PDP10307240371
Último dato utilizado: uniqueIDRS=PDP10307240372
