Último dato utilizado: uniqueIDRSSE=PDPSSE20720204011
Último dato utilizado: uniqueIDRSSE=PDPSSE20720204012
Último dato utilizado: uniqueIDRSSE=PDPSSE20720204013
Último dato utilizado: uniqueIDRSSE=PDPSSE20720204014
Último dato utilizado: uniqueIDRSSE=PDPSSE20720204011
Último dato utilizado: uniqueIDRSSE=PDPSSE20720204012
Último dato utilizado: uniqueIDRSSE=PDPSSE20720204013
Último dato utilizado: uniqueIDRSSE=PDPSSE20720204014
Último dato utilizado: uniqueIDRSSE=PDPSSE20720204015
Último dato utilizado: uniqueIDRSSE=PDPSSE20720204016
Último dato utilizado: uniqueIDRSSE=PDPSSE20720204017
Último dato utilizado: uniqueIDRSSE=PDPSSE20720204018
Último dato utilizado: uniqueIDRSSE=PDPSSE20720204019
Último dato utilizado: uniqueIDRSSE=PDPSSE20720204020
Último dato utilizado: uniqueIDRSSE=PDPSSE20720204021
Último dato utilizado: uniqueIDRSSE=PDPSSE20720204022
Último dato utilizado: uniqueIDRSSE=PDPSSE20720204023
Último dato utilizado: uniqueIDRSSE=PDPSSE20720204024
Último dato utilizado: uniqueIDRSSE=PDPSSE20720204025
Último dato utilizado: uniqueIDRSSE=PDPSSE20720204026
Último dato utilizado: uniqueIDRSSE=PDPSSE20720204027
Último dato utilizado: uniqueIDRSSE=PDPSSE20720204028
Último dato utilizado: uniqueIDRSSE=PDPSSE20720204029
Último dato utilizado: uniqueIDRSSE=PDPSSE20720204030
Último dato utilizado: uniqueIDRSSE=PDPSSE20720204031
Último dato utilizado: uniqueIDRSSE=PDPSSE20720204032
Último dato utilizado: uniqueIDRSSE=PDPSSE20720204033
Último dato utilizado: uniqueIDRSSE=PDPSSE20720204034
Último dato utilizado: uniqueIDRSSE=PDPSSE20720204035
Último dato utilizado: uniqueIDRSSE=PDPSSE20720204036
Último dato utilizado: uniqueIDRSSE=PDPSSE20720204037
Último dato utilizado: uniqueIDRSSE=PDPSSE20720204038
Último dato utilizado: uniqueIDRSSE=PDPSSE20720204039
Último dato utilizado: uniqueIDRSSE=PDPSSE20720204040
Último dato utilizado: uniqueIDRSSE=PDPSSE20720204041
Último dato utilizado: uniqueIDRSSE=PDPSSE20720204042
Último dato utilizado: uniqueIDRSSE=PDPSSE20720204043
Último dato utilizado: uniqueIDRSSE=PDPSSE20720204044
Último dato utilizado: uniqueIDRSSE=PDPSSE20720204045
Último dato utilizado: uniqueIDRSSE=PDPSSE20720204046
Último dato utilizado: uniqueIDRSSE=PDPSSE20720204047
Último dato utilizado: uniqueIDRSSE=PDPSSE20720204048
Último dato utilizado: uniqueIDRSSE=PDPSSE20720204049
Último dato utilizado: uniqueIDRSSE=PDPSSE20720204050
Último dato utilizado: uniqueIDRSSE=PDPSSE20720204051
Último dato utilizado: uniqueIDRSSE=PDPSSE20720204052
Último dato utilizado: uniqueIDRSSE=PDPSSE20720204053
Último dato utilizado: uniqueIDRSSE=PDPSSE20720204054
Último dato utilizado: uniqueIDRSSE=PDPSSE20720204055
Último dato utilizado: uniqueIDRSSE=PDPSSE20720204056
Último dato utilizado: uniqueIDRSSE=PDPSSE20720204057
Último dato utilizado: uniqueIDRSSE=PDPSSE20720204058
Último dato utilizado: uniqueIDRSSE=PDPSSE20720204059
Último dato utilizado: uniqueIDRSSE=PDPSSE20720204060
Último dato utilizado: uniqueIDRSSE=PDPSSE20720204061
Último dato utilizado: uniqueIDRSSE=PDPSSE20720204062
Último dato utilizado: uniqueIDRSSE=PDPSSE20720204063
Último dato utilizado: uniqueIDRSSE=PDPSSE20720204064
Último dato utilizado: uniqueIDRSSE=PDPSSE20720204065
Último dato utilizado: uniqueIDRSSE=PDPSSE20720204066
Último dato utilizado: uniqueIDRSSE=PDPSSE20720204067
Último dato utilizado: uniqueIDRSSE=PDPSSE20720204068
Último dato utilizado: uniqueIDRSSE=PDPSSE20720204069
Último dato utilizado: uniqueIDRSSE=PDPSSE20720204070
Último dato utilizado: uniqueIDRSSE=PDPSSE20720204071
Último dato utilizado: uniqueIDRSSE=PDPSSE20720204072
Último dato utilizado: uniqueIDRSSE=PDPSSE20720204073
Último dato utilizado: uniqueIDRSSE=PDPSSE20720204074
Último dato utilizado: uniqueIDRSSE=PDPSSE20720204075
Último dato utilizado: uniqueIDRSSE=PDPSSE20720204076
Último dato utilizado: uniqueIDRSSE=PDPSSE20720204077
Último dato utilizado: uniqueIDRSSE=PDPSSE20720204078
Último dato utilizado: uniqueIDRSSE=PDPSSE20720204079
Último dato utilizado: uniqueIDRSSE=PDPSSE20720204080
Último dato utilizado: uniqueIDRSSE=PDPSSE20720204081
Último dato utilizado: uniqueIDRSSE=PDPSSE20720204082
Último dato utilizado: uniqueIDRSSE=PDPSSE20720204083
Último dato utilizado: uniqueIDRSSE=PDPSSE20720204084
Último dato utilizado: uniqueIDRSSE=PDPSSE20720204085
Último dato utilizado: uniqueIDRSSE=PDPSSE20720204086
Último dato utilizado: uniqueIDRSSE=PDPSSE20720204087
Último dato utilizado: uniqueIDRSSE=PDPSSE20720204088
Último dato utilizado: uniqueIDRSSE=PDPSSE20720204089
Último dato utilizado: uniqueIDRSSE=PDPSSE20720204090
Último dato utilizado: uniqueIDRSSE=PDPSSE20720204091
Último dato utilizado: uniqueIDRSSE=PDPSSE20720204092
Último dato utilizado: uniqueIDRSSE=PDPSSE20720204093
Último dato utilizado: uniqueIDRSSE=PDPSSE20720204094
Último dato utilizado: uniqueIDRSSE=PDPSSE20720204095
Último dato utilizado: uniqueIDRSSE=PDPSSE20720204096
Último dato utilizado: uniqueIDRSSE=PDPSSE20720204097
Último dato utilizado: uniqueIDRSSE=PDPSSE20720204098
Último dato utilizado: uniqueIDRSSE=PDPSSE20720204099
Último dato utilizado: uniqueIDRSSE=PDPSSE20720204100
Último dato utilizado: uniqueIDRSSE=PDPSSE20720204101
Último dato utilizado: uniqueIDRSSE=PDPSSE20720204102
Último dato utilizado: uniqueIDRSSE=PDPSSE20720204103
Último dato utilizado: uniqueIDRSSE=PDPSSE20720204104
Último dato utilizado: uniqueIDRSSE=PDPSSE20720204105
Último dato utilizado: uniqueIDRSSE=PDPSSE20720204106
Último dato utilizado: uniqueIDRSSE=PDPSSE20720204107
Último dato utilizado: uniqueIDRSSE=PDPSSE20720204108
Último dato utilizado: uniqueIDRSSE=PDPSSE20720204109
Último dato utilizado: uniqueIDRSSE=PDPSSE20720204110
Último dato utilizado: uniqueIDRSSE=PDPSSE20720204111
Último dato utilizado: uniqueIDRSSE=PDPSSE20720204112
Último dato utilizado: uniqueIDRSSE=PDPSSE20720204113
Último dato utilizado: uniqueIDRSSE=PDPSSE20720204114
Último dato utilizado: uniqueIDRSSE=PDPSSE20720204115
Último dato utilizado: uniqueIDRSSE=PDPSSE20720204116
Último dato utilizado: uniqueIDRSSE=PDPSSE20720204117
Último dato utilizado: uniqueIDRSSE=PDPSSE20720204118
Último dato utilizado: uniqueIDRSSE=PDPSSE20720204119
Último dato utilizado: uniqueIDRSSE=PDPSSE20720204120
Último dato utilizado: uniqueIDRSSE=PDPSSE20720204121
Último dato utilizado: uniqueIDRSSE=PDPSSE20720204122
Último dato utilizado: uniqueIDRSSE=PDPSSE20720204123
Último dato utilizado: uniqueIDRSSE=PDPSSE20720204124
Último dato utilizado: uniqueIDRSSE=PDPSSE20720204125
Último dato utilizado: uniqueIDRSSE=PDPSSE20720204126
Último dato utilizado: uniqueIDRSSE=PDPSSE20720204127
Último dato utilizado: uniqueIDRSSE=PDPSSE20720204128
Último dato utilizado: uniqueIDRSSE=PDPSSE20720204129
Último dato utilizado: uniqueIDRSSE=PDPSSE20720204130
Último dato utilizado: uniqueIDRSSE=PDPSSE20720204131
Último dato utilizado: uniqueIDRSSE=PDPSSE20720204132
Último dato utilizado: uniqueIDRSSE=PDPSSE20720204133
Último dato utilizado: uniqueIDRSSE=PDPSSE20720204134
Último dato utilizado: uniqueIDRSSE=PDPSSE20720204135
Último dato utilizado: uniqueIDRSSE=PDPSSE20720204136
Último dato utilizado: uniqueIDRSSE=PDPSSE20720204137
Último dato utilizado: uniqueIDRSSE=PDPSSE20720204138
Último dato utilizado: uniqueIDRSSE=PDPSSE20720204139
Último dato utilizado: uniqueIDRSSE=PDPSSE20720204140
Último dato utilizado: uniqueIDRSSE=PDPSSE20720204141
Último dato utilizado: uniqueIDRSSE=PDPSSE20720204142
Último dato utilizado: uniqueIDRSSE=PDPSSE20720204143
Último dato utilizado: uniqueIDRSSE=PDPSSE20720204144
----------------------
Último dato utilizado: uniqueIDRSSE=PDPSSE20720204011
Último dato utilizado: uniqueIDRSSE=PDPSSE20720204012
Último dato utilizado: uniqueIDRSSE=PDPSSE20720204013
Último dato utilizado: uniqueIDRSSE=PDPSSE20720204014
Último dato utilizado: uniqueIDRSSE=PDPSSE20720204015
Último dato utilizado: uniqueIDRSSE=PDPSSE20720204016
Último dato utilizado: uniqueIDRSSE=PDPSSE20720204017
Último dato utilizado: uniqueIDRSSE=PDPSSE20720204018
Último dato utilizado: uniqueIDRSSE=PDPSSE20720204019
Último dato utilizado: uniqueIDRSSE=PDPSSE20720204020
Último dato utilizado: uniqueIDRSSE=PDPSSE20720204021
Último dato utilizado: uniqueIDRSSE=PDPSSE20720204022
Último dato utilizado: uniqueIDRSSE=PDPSSE20720204023
Último dato utilizado: uniqueIDRSSE=PDPSSE20720204024
Último dato utilizado: uniqueIDRSSE=PDPSSE20720204025
Último dato utilizado: uniqueIDRSSE=PDPSSE20720204026
Último dato utilizado: uniqueIDRSSE=PDPSSE20720204027
Último dato utilizado: uniqueIDRSSE=PDPSSE20720204028
Último dato utilizado: uniqueIDRSSE=PDPSSE20720204029
Último dato utilizado: uniqueIDRSSE=PDPSSE20720204030
Último dato utilizado: uniqueIDRSSE=PDPSSE20720204031
Último dato utilizado: uniqueIDRSSE=PDPSSE20720204032
-------------
Último dato utilizado: uniqueIDRSSE=PDPSSE10702202401
Último dato utilizado: uniqueIDRSSE=PDPSSE10702202402
----------------
Último dato utilizado: uniqueIDRSSE=PDPSSE10702202403
Último dato utilizado: uniqueIDRSSE=PDPSSE10702202404
Último dato utilizado: uniqueIDRSSE=PDPSSE10702202405
Último dato utilizado: uniqueIDRSSE=PDPSSE10702202406
Último dato utilizado: uniqueIDRSSE=PDPSSE10702202407
Último dato utilizado: uniqueIDRSSE=PDPSSE10702202408
Último dato utilizado: uniqueIDRSSE=PDPSSE10702202409
Último dato utilizado: uniqueIDRSSE=PDPSSE10702202410
Último dato utilizado: uniqueIDRSSE=PDPSSE10702202411
Último dato utilizado: uniqueIDRSSE=PDPSSE10702202412
Último dato utilizado: uniqueIDRSSE=PDPSSE10702202413
Último dato utilizado: uniqueIDRSSE=PDPSSE10702202414
Último dato utilizado: uniqueIDRSSE=PDPSSE10702202415
Último dato utilizado: uniqueIDRSSE=PDPSSE10702202416
Último dato utilizado: uniqueIDRSSE=PDPSSE10702202417
Último dato utilizado: uniqueIDRSSE=PDPSSE10702202418
Último dato utilizado: uniqueIDRSSE=PDPSSE10702202419
Último dato utilizado: uniqueIDRSSE=PDPSSE10702202420
Último dato utilizado: uniqueIDRSSE=PDPSSE10702202421
Último dato utilizado: uniqueIDRSSE=PDPSSE10702202422
Último dato utilizado: uniqueIDRSSE=PDPSSE10702202423
Último dato utilizado: uniqueIDRSSE=PDPSSE10702202424
Último dato utilizado: uniqueIDRSSE=PDPSSE10702202425
Último dato utilizado: uniqueIDRSSE=PDPSSE10702202426
Último dato utilizado: uniqueIDRSSE=PDPSSE10702202427
Último dato utilizado: uniqueIDRSSE=PDPSSE10702202428
Último dato utilizado: uniqueIDRSSE=PDPSSE10702202429
Último dato utilizado: uniqueIDRSSE=PDPSSE10702202430
Último dato utilizado: uniqueIDRSSE=PDPSSE10702202431
Último dato utilizado: uniqueIDRSSE=PDPSSE10702202432
Último dato utilizado: uniqueIDRSSE=PDPSSE10702202433
Último dato utilizado: uniqueIDRSSE=PDPSSE10702202434
Último dato utilizado: uniqueIDRSSE=PDPSSE10702202435
Último dato utilizado: uniqueIDRSSE=PDPSSE10702202436
Último dato utilizado: uniqueIDRSSE=PDPSSE10702202437
Último dato utilizado: uniqueIDRSSE=PDPSSE10702202438
Último dato utilizado: uniqueIDRSSE=PDPSSE10702202439
Último dato utilizado: uniqueIDRSSE=PDPSSE10702202440
Último dato utilizado: uniqueIDRSSE=PDPSSE10702202441
Último dato utilizado: uniqueIDRSSE=PDPSSE10702202442
Último dato utilizado: uniqueIDRSSE=PDPSSE10702202443
Último dato utilizado: uniqueIDRSSE=PDPSSE10702202444
Último dato utilizado: uniqueIDRSSE=PDPSSE10702202445
Último dato utilizado: uniqueIDRSSE=PDPSSE10702202446
Último dato utilizado: uniqueIDRSSE=PDPSSE10702202447
Último dato utilizado: uniqueIDRSSE=PDPSSE10702202448
Último dato utilizado: uniqueIDRSSE=PDPSSE10702202449
Último dato utilizado: uniqueIDRSSE=PDPSSE10702202450
Último dato utilizado: uniqueIDRSSE=PDPSSE10702202451
Último dato utilizado: uniqueIDRSSE=PDPSSE10702202452
Último dato utilizado: uniqueIDRSSE=PDPSSE10702202453
Último dato utilizado: uniqueIDRSSE=PDPSSE10702202454
Último dato utilizado: uniqueIDRSSE=PDPSSE10702202455
Último dato utilizado: uniqueIDRSSE=PDPSSE10702202456
Último dato utilizado: uniqueIDRSSE=PDPSSE10702202457
Último dato utilizado: uniqueIDRSSE=PDPSSE10702202458
Último dato utilizado: uniqueIDRSSE=PDPSSE10702202459
Último dato utilizado: uniqueIDRSSE=PDPSSE10702202460
Último dato utilizado: uniqueIDRSSE=PDPSSE10702202461
Último dato utilizado: uniqueIDRSSE=PDPSSE10702202462
Último dato utilizado: uniqueIDRSSE=PDPSSE10702202463
Último dato utilizado: uniqueIDRSSE=PDPSSE10702202464
Último dato utilizado: uniqueIDRSSE=PDPSSE10702202465
Último dato utilizado: uniqueIDRSSE=PDPSSE10702202466
Último dato utilizado: uniqueIDRSSE=PDPSSE10702202467
Último dato utilizado: uniqueIDRSSE=PDPSSE10702202468
Último dato utilizado: uniqueIDRSSE=PDPSSE10702202469
Último dato utilizado: uniqueIDRSSE=PDPSSE10702202470
Último dato utilizado: uniqueIDRSSE=PDPSSE10702202471
Último dato utilizado: uniqueIDRSSE=PDPSSE10702202472
Último dato utilizado: uniqueIDRSSE=PDPSSE10702202473
Último dato utilizado: uniqueIDRSSE=PDPSSE10702202474
Último dato utilizado: uniqueIDRSSE=PDPSSE10702202475
Último dato utilizado: uniqueIDRSSE=PDPSSE10702202476
Último dato utilizado: uniqueIDRSSE=PDPSSE10702202477
Último dato utilizado: uniqueIDRSSE=PDPSSE10702202478
Último dato utilizado: uniqueIDRSSE=PDPSSE10702202479
Último dato utilizado: uniqueIDRSSE=PDPSSE10702202480
Último dato utilizado: uniqueIDRSSE=PDPSSE10702202481
Último dato utilizado: uniqueIDRSSE=PDPSSE10702202482
Último dato utilizado: uniqueIDRSSE=PDPSSE10702202483
Último dato utilizado: uniqueIDRSSE=PDPSSE10702202484
Último dato utilizado: uniqueIDRSSE=PDPSSE10702202485
Último dato utilizado: uniqueIDRSSE=PDPSSE10702202486
Último dato utilizado: uniqueIDRSSE=PDPSSE10702202487
Último dato utilizado: uniqueIDRSSE=PDPSSE10702202488
Último dato utilizado: uniqueIDRSSE=PDPSSE10702202489
Último dato utilizado: uniqueIDRSSE=PDPSSE10702202490
Último dato utilizado: uniqueIDRSSE=PDPSSE10702202491
Último dato utilizado: uniqueIDRSSE=PDPSSE10702202492
Último dato utilizado: uniqueIDRSSE=PDPSSE10702202493
Último dato utilizado: uniqueIDRSSE=PDPSSE10702202494
Último dato utilizado: uniqueIDRSSE=PDPSSE10702202495
Último dato utilizado: uniqueIDRSSE=PDPSSE10702202496
Último dato utilizado: uniqueIDRSSE=PDPSSE10702202497
Último dato utilizado: uniqueIDRSSE=PDPSSE10702202498
Último dato utilizado: uniqueIDRSSE=PDPSSE10702202499
Último dato utilizado: uniqueIDRSSE=PDPSSE10702202500
Último dato utilizado: uniqueIDRSSE=PDPSSE10702202501
Último dato utilizado: uniqueIDRSSE=PDPSSE10702202502
------------------Último dato utilizado: uniqueIDRSSE=PDPSSE10702202702
Último dato utilizado: uniqueIDRSSE=PDPSSE10702202703
Último dato utilizado: uniqueIDRSSE=PDPSSE10702202704
Último dato utilizado: uniqueIDRSSE=PDPSSE10702202705
Último dato utilizado: uniqueIDRSSE=PDPSSE10702202706
Último dato utilizado: uniqueIDRSSE=PDPSSE10702202707
Último dato utilizado: uniqueIDRSSE=PDPSSE10702202708
Último dato utilizado: uniqueIDRSSE=PDPSSE10702202709
Último dato utilizado: uniqueIDRSSE=PDPSSE10702202710
Último dato utilizado: uniqueIDRSSE=PDPSSE10702202711
Último dato utilizado: uniqueIDRSSE=PDPSSE10702202501
Último dato utilizado: uniqueIDRSSE=PDPSSE10702202502
Último dato utilizado: uniqueIDRSSE=PDPSSE10702202503
Último dato utilizado: uniqueIDRSSE=PDPSSE10702202504
Último dato utilizado: uniqueIDRSSE=PDPSSE10702202505
Último dato utilizado: uniqueIDRSSE=PDPSSE10702202506
Último dato utilizado: uniqueIDRSSE=PDPSSE10702202507
Último dato utilizado: uniqueIDRSSE=PDPSSE10702202508
Último dato utilizado: uniqueIDRSSE=PDPSSE10702202509
Último dato utilizado: uniqueIDRSSE=PDPSSE10702202510
Último dato utilizado: uniqueIDRSSE=PDPSSE10702202511
Último dato utilizado: uniqueIDRSSE=PDPSSE10702202512
Último dato utilizado: uniqueIDRSSE=PDPSSE10702202513
Último dato utilizado: uniqueIDRSSE=PDPSSE10702202514
Último dato utilizado: uniqueIDRSSE=PDPSSE10702202515
Último dato utilizado: uniqueIDRSSE=PDPSSE10702202516
Último dato utilizado: uniqueIDRSSE=PDPSSE10702202517
Último dato utilizado: uniqueIDRSSE=PDPSSE10702202518
Último dato utilizado: uniqueIDRSSE=PDPSSE10702202519
Último dato utilizado: uniqueIDRSSE=PDPSSE10702202520
Último dato utilizado: uniqueIDRSSE=PDPSSE10702202521
Último dato utilizado: uniqueIDRSSE=PDPSSE10702202522
Último dato utilizado: uniqueIDRSSE=PDPSSE10702202523
Último dato utilizado: uniqueIDRSSE=PDPSSE10702202524
Último dato utilizado: uniqueIDRSSE=PDPSSE10702202525
Último dato utilizado: uniqueIDRSSE=PDPSSE10702202526
Último dato utilizado: uniqueIDRSSE=PDPSSE10702202527
Último dato utilizado: uniqueIDRSSE=PDPSSE10702202528
Último dato utilizado: uniqueIDRSSE=PDPSSE10702202529
Último dato utilizado: uniqueIDRSSE=PDPSSE10702202530
Último dato utilizado: uniqueIDRSSE=PDPSSE10702202531
Último dato utilizado: uniqueIDRSSE=PDPSSE10702202532
Último dato utilizado: uniqueIDRSSE=PDPSSE10702202533
Último dato utilizado: uniqueIDRSSE=PDPSSE10702202534
Último dato utilizado: uniqueIDRSSE=PDPSSE10702202535
Último dato utilizado: uniqueIDRSSE=PDPSSE10702202536
Último dato utilizado: uniqueIDRSSE=PDPSSE10702202537
Último dato utilizado: uniqueIDRSSE=PDPSSE10702202538
Último dato utilizado: uniqueIDRSSE=PDPSSE10702202539
Último dato utilizado: uniqueIDRSSE=PDPSSE10702202540
Último dato utilizado: uniqueIDRSSE=PDPSSE10702202541
Último dato utilizado: uniqueIDRSSE=PDPSSE10702202542
Último dato utilizado: uniqueIDRSSE=PDPSSE10702202543
Último dato utilizado: uniqueIDRSSE=PDPSSE10702202544
Último dato utilizado: uniqueIDRSSE=PDPSSE10702202545
Último dato utilizado: uniqueIDRSSE=PDPSSE10702202546
Último dato utilizado: uniqueIDRSSE=PDPSSE10702202547
Último dato utilizado: uniqueIDRSSE=PDPSSE10702202548
Último dato utilizado: uniqueIDRSSE=PDPSSE10702202549
Último dato utilizado: uniqueIDRSSE=PDPSSE10702202550
Último dato utilizado: uniqueIDRSSE=PDPSSE10702202551
Último dato utilizado: uniqueIDRSSE=PDPSSE10702202552
Último dato utilizado: uniqueIDRSSE=PDPSSE10702202553
Último dato utilizado: uniqueIDRSSE=PDPSSE10702202554
Último dato utilizado: uniqueIDRSSE=PDPSSE10702202555
Último dato utilizado: uniqueIDRSSE=PDPSSE10702202556
Último dato utilizado: uniqueIDRSSE=PDPSSE10702202557
Último dato utilizado: uniqueIDRSSE=PDPSSE10702202558
Último dato utilizado: uniqueIDRSSE=PDPSSE10702202559
Último dato utilizado: uniqueIDRSSE=PDPSSE10702202560
Último dato utilizado: uniqueIDRSSE=PDPSSE10702202561
Último dato utilizado: uniqueIDRSSE=PDPSSE10702202562
Último dato utilizado: uniqueIDRSSE=PDPSSE10702202563
Último dato utilizado: uniqueIDRSSE=PDPSSE10702202564
Último dato utilizado: uniqueIDRSSE=PDPSSE10702202565
Último dato utilizado: uniqueIDRSSE=PDPSSE10702202566
Último dato utilizado: uniqueIDRSSE=PDPSSE10702202567
Último dato utilizado: uniqueIDRSSE=PDPSSE10702202568
Último dato utilizado: uniqueIDRSSE=PDPSSE10702202569
Último dato utilizado: uniqueIDRSSE=PDPSSE10702202570
Último dato utilizado: uniqueIDRSSE=PDPSSE10702202571
Último dato utilizado: uniqueIDRSSE=PDPSSE10702202572
Último dato utilizado: uniqueIDRSSE=PDPSSE10702202573
Último dato utilizado: uniqueIDRSSE=PDPSSE10702202574
Último dato utilizado: uniqueIDRSSE=PDPSSE10702202575
Último dato utilizado: uniqueIDRSSE=PDPSSE10702202576
Último dato utilizado: uniqueIDRSSE=PDPSSE10702202577
Último dato utilizado: uniqueIDRSSE=PDPSSE10702202578
Último dato utilizado: uniqueIDRSSE=PDPSSE10702202579
Último dato utilizado: uniqueIDRSSE=PDPSSE10702202580
Último dato utilizado: uniqueIDRSSE=PDPSSE10702202581
Último dato utilizado: uniqueIDRSSE=PDPSSE10702202582
Último dato utilizado: uniqueIDRSSE=PDPSSE10702202583
Último dato utilizado: uniqueIDRSSE=PDPSSE10702202584
Último dato utilizado: uniqueIDRSSE=PDPSSE10702202585
Último dato utilizado: uniqueIDRSSE=PDPSSE10702202586
Último dato utilizado: uniqueIDRSSE=PDPSSE10702202587
Último dato utilizado: uniqueIDRSSE=PDPSSE10702202588
Último dato utilizado: uniqueIDRSSE=PDPSSE10702202589
Último dato utilizado: uniqueIDRSSE=PDPSSE10702202590
Último dato utilizado: uniqueIDRSSE=PDPSSE10702202591
Último dato utilizado: uniqueIDRSSE=PDPSSE10702202592
Último dato utilizado: uniqueIDRSSE=PDPSSE10702202593
Último dato utilizado: uniqueIDRSSE=PDPSSE10702202594
Último dato utilizado: uniqueIDRSSE=PDPSSE10702202595
Último dato utilizado: uniqueIDRSSE=PDPSSE10702202596
Último dato utilizado: uniqueIDRSSE=PDPSSE10702202597
Último dato utilizado: uniqueIDRSSE=PDPSSE10702202598
Último dato utilizado: uniqueIDRSSE=PDPSSE10702202599
Último dato utilizado: uniqueIDRSSE=PDPSSE10702202600
Último dato utilizado: uniqueIDRSSE=PDPSSE10702202601
--------------------
Último dato utilizado: uniqueIDRSSE=PDPSSE10702202702
Último dato utilizado: uniqueIDRSSE=PDPSSE10702202703
Último dato utilizado: uniqueIDRSSE=PDPSSE10702202704
Último dato utilizado: uniqueIDRSSE=PDPSSE10702202705
Último dato utilizado: uniqueIDRSSE=PDPSSE10702202706
Último dato utilizado: uniqueIDRSSE=PDPSSE10702202707
Último dato utilizado: uniqueIDRSSE=PDPSSE10702202708
Último dato utilizado: uniqueIDRSSE=PDPSSE10702202709
Último dato utilizado: uniqueIDRSSE=PDPSSE10702202710
Último dato utilizado: uniqueIDRSSE=PDPSSE10702202711
Último dato utilizado: uniqueIDRSSE=PDPSSE10702202501
Último dato utilizado: uniqueIDRSSE=PDPSSE10702202502
Último dato utilizado: uniqueIDRSSE=PDPSSE10702202503
Último dato utilizado: uniqueIDRSSE=PDPSSE10702202504
Último dato utilizado: uniqueIDRSSE=PDPSSE10702202505
Último dato utilizado: uniqueIDRSSE=PDPSSE10702202506
Último dato utilizado: uniqueIDRSSE=PDPSSE10702202507
Último dato utilizado: uniqueIDRSSE=PDPSSE10702202508
Último dato utilizado: uniqueIDRSSE=PDPSSE10702202509
Último dato utilizado: uniqueIDRSSE=PDPSSE10702202510
Último dato utilizado: uniqueIDRSSE=PDPSSE10702202511
Último dato utilizado: uniqueIDRSSE=PDPSSE10702202512
Último dato utilizado: uniqueIDRSSE=PDPSSE10702202513
Último dato utilizado: uniqueIDRSSE=PDPSSE10702202514
Último dato utilizado: uniqueIDRSSE=PDPSSE10702202515
Último dato utilizado: uniqueIDRSSE=PDPSSE10702202516
Último dato utilizado: uniqueIDRSSE=PDPSSE10702202517
Último dato utilizado: uniqueIDRSSE=PDPSSE10702202518
Último dato utilizado: uniqueIDRSSE=PDPSSE10702202519
Último dato utilizado: uniqueIDRSSE=PDPSSE10702202520
Último dato utilizado: uniqueIDRSSE=PDPSSE10702202521
Último dato utilizado: uniqueIDRSSE=PDPSSE10702202522
Último dato utilizado: uniqueIDRSSE=PDPSSE10702202523
Último dato utilizado: uniqueIDRSSE=PDPSSE10702202524
Último dato utilizado: uniqueIDRSSE=PDPSSE10702202525
Último dato utilizado: uniqueIDRSSE=PDPSSE10702202526
Último dato utilizado: uniqueIDRSSE=PDPSSE10702202527
Último dato utilizado: uniqueIDRSSE=PDPSSE10702202528
Último dato utilizado: uniqueIDRSSE=PDPSSE10702202529
Último dato utilizado: uniqueIDRSSE=PDPSSE10702202530
Último dato utilizado: uniqueIDRSSE=PDPSSE10702202531
Último dato utilizado: uniqueIDRSSE=PDPSSE10702202532
Último dato utilizado: uniqueIDRSSE=PDPSSE10702202533
Último dato utilizado: uniqueIDRSSE=PDPSSE10702202534
Último dato utilizado: uniqueIDRSSE=PDPSSE10702202535
Último dato utilizado: uniqueIDRSSE=PDPSSE10702202536
Último dato utilizado: uniqueIDRSSE=PDPSSE10702202537
Último dato utilizado: uniqueIDRSSE=PDPSSE10702202538
Último dato utilizado: uniqueIDRSSE=PDPSSE10702202539
Último dato utilizado: uniqueIDRSSE=PDPSSE10702202540
Último dato utilizado: uniqueIDRSSE=PDPSSE10702202541
Último dato utilizado: uniqueIDRSSE=PDPSSE10702202542
Último dato utilizado: uniqueIDRSSE=PDPSSE10702202543
Último dato utilizado: uniqueIDRSSE=PDPSSE10702202544
Último dato utilizado: uniqueIDRSSE=PDPSSE10702202545
Último dato utilizado: uniqueIDRSSE=PDPSSE10702202546
Último dato utilizado: uniqueIDRSSE=PDPSSE10702202547
Último dato utilizado: uniqueIDRSSE=PDPSSE10702202548
Último dato utilizado: uniqueIDRSSE=PDPSSE10702202549
Último dato utilizado: uniqueIDRSSE=PDPSSE10702202550
Último dato utilizado: uniqueIDRSSE=PDPSSE10702202551
Último dato utilizado: uniqueIDRSSE=PDPSSE10702202552
Último dato utilizado: uniqueIDRSSE=PDPSSE10702202553
Último dato utilizado: uniqueIDRSSE=PDPSSE10702202554
Último dato utilizado: uniqueIDRSSE=PDPSSE10702202555
Último dato utilizado: uniqueIDRSSE=PDPSSE10702202556
Último dato utilizado: uniqueIDRSSE=PDPSSE10702202557
Último dato utilizado: uniqueIDRSSE=PDPSSE10702202558
Último dato utilizado: uniqueIDRSSE=PDPSSE10702202559
Último dato utilizado: uniqueIDRSSE=PDPSSE10702202560
Último dato utilizado: uniqueIDRSSE=PDPSSE10702202561
Último dato utilizado: uniqueIDRSSE=PDPSSE10702202562
Último dato utilizado: uniqueIDRSSE=PDPSSE10702202563
Último dato utilizado: uniqueIDRSSE=PDPSSE10702202564
Último dato utilizado: uniqueIDRSSE=PDPSSE10702202565
Último dato utilizado: uniqueIDRSSE=PDPSSE10702202566
Último dato utilizado: uniqueIDRSSE=PDPSSE10702202567
Último dato utilizado: uniqueIDRSSE=PDPSSE10702202568
Último dato utilizado: uniqueIDRSSE=PDPSSE10702202569
Último dato utilizado: uniqueIDRSSE=PDPSSE10702202570
Último dato utilizado: uniqueIDRSSE=PDPSSE10702202571
Último dato utilizado: uniqueIDRSSE=PDPSSE10702202572
Último dato utilizado: uniqueIDRSSE=PDPSSE10702202573
Último dato utilizado: uniqueIDRSSE=PDPSSE10702202574
Último dato utilizado: uniqueIDRSSE=PDPSSE10702202575
Último dato utilizado: uniqueIDRSSE=PDPSSE10702202576
Último dato utilizado: uniqueIDRSSE=PDPSSE10702202577
Último dato utilizado: uniqueIDRSSE=PDPSSE10702202578
Último dato utilizado: uniqueIDRSSE=PDPSSE10702202579
Último dato utilizado: uniqueIDRSSE=PDPSSE10702202580
Último dato utilizado: uniqueIDRSSE=PDPSSE10702202581
Último dato utilizado: uniqueIDRSSE=PDPSSE10702202582
Último dato utilizado: uniqueIDRSSE=PDPSSE10702202583
Último dato utilizado: uniqueIDRSSE=PDPSSE10702202584
Último dato utilizado: uniqueIDRSSE=PDPSSE10702202585
Último dato utilizado: uniqueIDRSSE=PDPSSE10702202586
Último dato utilizado: uniqueIDRSSE=PDPSSE10702202587
Último dato utilizado: uniqueIDRSSE=PDPSSE10702202588
Último dato utilizado: uniqueIDRSSE=PDPSSE10702202589
Último dato utilizado: uniqueIDRSSE=PDPSSE10702202590
Último dato utilizado: uniqueIDRSSE=PDPSSE10702202591
Último dato utilizado: uniqueIDRSSE=PDPSSE10702202592
Último dato utilizado: uniqueIDRSSE=PDPSSE10702202593
Último dato utilizado: uniqueIDRSSE=PDPSSE10702202594
Último dato utilizado: uniqueIDRSSE=PDPSSE10702202595
Último dato utilizado: uniqueIDRSSE=PDPSSE10702202596
Último dato utilizado: uniqueIDRSSE=PDPSSE10702202597
Último dato utilizado: uniqueIDRSSE=PDPSSE10702202598
Último dato utilizado: uniqueIDRSSE=PDPSSE10702202599
Último dato utilizado: uniqueIDRSSE=PDPSSE10702202600
Último dato utilizado: uniqueIDRSSE=PDPSSE10702202601
Último dato utilizado: uniqueIDRSSE=PDPSSE10702202602
Último dato utilizado: uniqueIDRSSE=PDPSSE10702202603
Último dato utilizado: uniqueIDRSSE=PDPSSE10702202604
Último dato utilizado: uniqueIDRSSE=PDPSSE10702202605
Último dato utilizado: uniqueIDRSSE=PDPSSE10702202606
Último dato utilizado: uniqueIDRSSE=PDPSSE10702202607
Último dato utilizado: uniqueIDRSSE=PDPSSE10702202608
Último dato utilizado: uniqueIDRSSE=PDPSSE10702202609
Último dato utilizado: uniqueIDRSSE=PDPSSE10702202610
Último dato utilizado: uniqueIDRSSE=PDPSSE10702202611
Último dato utilizado: uniqueIDRSSE=PDPSSE10702202612
Último dato utilizado: uniqueIDRSSE=PDPSSE10702202613
Último dato utilizado: uniqueIDRSSE=PDPSSE10702202614
Último dato utilizado: uniqueIDRSSE=PDPSSE10702202615
Último dato utilizado: uniqueIDRSSE=PDPSSE10702202616
Último dato utilizado: uniqueIDRSSE=PDPSSE10702202617
Último dato utilizado: uniqueIDRSSE=PDPSSE10702202618
Último dato utilizado: uniqueIDRSSE=PDPSSE10702202619
Último dato utilizado: uniqueIDRSSE=PDPSSE10702202620
Último dato utilizado: uniqueIDRSSE=PDPSSE10702202621
Último dato utilizado: uniqueIDRSSE=PDPSSE10702202622
Último dato utilizado: uniqueIDRSSE=PDPSSE10702202623
Último dato utilizado: uniqueIDRSSE=PDPSSE10702202624
Último dato utilizado: uniqueIDRSSE=PDPSSE10702202625
Último dato utilizado: uniqueIDRSSE=PDPSSE10702202626
Último dato utilizado: uniqueIDRSSE=PDPSSE10702202627
Último dato utilizado: uniqueIDRSSE=PDPSSE10702202628
Último dato utilizado: uniqueIDRSSE=PDPSSE10702202629
Último dato utilizado: uniqueIDRSSE=PDPSSE10702202630
Último dato utilizado: uniqueIDRSSE=PDPSSE10702202631
Último dato utilizado: uniqueIDRSSE=PDPSSE10702202632
Último dato utilizado: uniqueIDRSSE=PDPSSE10702202633
Último dato utilizado: uniqueIDRSSE=PDPSSE10702202634
Último dato utilizado: uniqueIDRSSE=PDPSSE10702202635
Último dato utilizado: uniqueIDRSSE=PDPSSE10702202636
Último dato utilizado: uniqueIDRSSE=PDPSSE10702202637
Último dato utilizado: uniqueIDRSSE=PDPSSE10702202638
Último dato utilizado: uniqueIDRSSE=PDPSSE10702202639
Último dato utilizado: uniqueIDRSSE=PDPSSE10702202640
Último dato utilizado: uniqueIDRSSE=PDPSSE10702202641
Último dato utilizado: uniqueIDRSSE=PDPSSE10702202642
Último dato utilizado: uniqueIDRSSE=PDPSSE10702202643
Último dato utilizado: uniqueIDRSSE=PDPSSE10702202644
Último dato utilizado: uniqueIDRSSE=PDPSSE10702202645
Último dato utilizado: uniqueIDRSSE=PDPSSE10702202646
Último dato utilizado: uniqueIDRSSE=PDPSSE10702202647
Último dato utilizado: uniqueIDRSSE=PDPSSE10702202648
Último dato utilizado: uniqueIDRSSE=PDPSSE10702202649
Último dato utilizado: uniqueIDRSSE=PDPSSE10702202650
Último dato utilizado: uniqueIDRSSE=PDPSSE10702202651
Último dato utilizado: uniqueIDRSSE=PDPSSE10702202652
Último dato utilizado: uniqueIDRSSE=PDPSSE10702202653
Último dato utilizado: uniqueIDRSSE=PDPSSE10702202654
Último dato utilizado: uniqueIDRSSE=PDPSSE10702202655
-----------------------------------Último dato utilizado: uniqueIDRSSE=PDPSSE20703240001
Último dato utilizado: uniqueIDRSSE=PDPSSE20703240002
Último dato utilizado: uniqueIDRSSE=PDPSSE20703240003
Último dato utilizado: uniqueIDRSSE=PDPSSE20703240004
Último dato utilizado: uniqueIDRSSE=PDPSSE20703240005
Último dato utilizado: uniqueIDRSSE=PDPSSE20703240006
Último dato utilizado: uniqueIDRSSE=PDPSSE20703240007
Último dato utilizado: uniqueIDRSSE=PDPSSE20703240008
Último dato utilizado: uniqueIDRSSE=PDPSSE20703240009
Último dato utilizado: uniqueIDRSSE=PDPSSE20703240010
Último dato utilizado: uniqueIDRSSE=PDPSSE20703240011
Último dato utilizado: uniqueIDRSSE=PDPSSE20703240012
Último dato utilizado: uniqueIDRSSE=PDPSSE20703240013
Último dato utilizado: uniqueIDRSSE=PDPSSE20703240014
Último dato utilizado: uniqueIDRSSE=PDPSSE20703240015
Último dato utilizado: uniqueIDRSSE=PDPSSE20703240016
Último dato utilizado: uniqueIDRSSE=PDPSSE20703240017
Último dato utilizado: uniqueIDRSSE=PDPSSE20703240018
Último dato utilizado: uniqueIDRSSE=PDPSSE20703240019
Último dato utilizado: uniqueIDRSSE=PDPSSE20703240020
Último dato utilizado: uniqueIDRSSE=PDPSSE20703240021
Último dato utilizado: uniqueIDRSSE=PDPSSE20703240022
Último dato utilizado: uniqueIDRSSE=PDPSSE20703240023
Último dato utilizado: uniqueIDRSSE=PDPSSE20703240024
Último dato utilizado: uniqueIDRSSE=PDPSSE20703240025
Último dato utilizado: uniqueIDRSSE=PDPSSE20703240026
Último dato utilizado: uniqueIDRSSE=PDPSSE20703240027
Último dato utilizado: uniqueIDRSSE=PDPSSE20703240028
Último dato utilizado: uniqueIDRSSE=PDPSSE20703240029
Último dato utilizado: uniqueIDRSSE=PDPSSE20703240030
Último dato utilizado: uniqueIDRSSE=PDPSSE20703240031
Último dato utilizado: uniqueIDRSSE=PDPSSE20703240032
Último dato utilizado: uniqueIDRSSE=PDPSSE20703240033
Último dato utilizado: uniqueIDRSSE=PDPSSE20703240034
Último dato utilizado: uniqueIDRSSE=PDPSSE20703240035
Último dato utilizado: uniqueIDRSSE=PDPSSE20703240036
Último dato utilizado: uniqueIDRSSE=PDPSSE20703240037
Último dato utilizado: uniqueIDRSSE=PDPSSE20703240038
Último dato utilizado: uniqueIDRSSE=PDPSSE20703240039
Último dato utilizado: uniqueIDRSSE=PDPSSE20703240040
Último dato utilizado: uniqueIDRSSE=PDPSSE20703240041
Último dato utilizado: uniqueIDRSSE=PDPSSE20703240042
Último dato utilizado: uniqueIDRSSE=PDPSSE20703240043
Último dato utilizado: uniqueIDRSSE=PDPSSE20703240044
Último dato utilizado: uniqueIDRSSE=PDPSSE20703240045
Último dato utilizado: uniqueIDRSSE=PDPSSE20703240046
Último dato utilizado: uniqueIDRSSE=PDPSSE20703240047
Último dato utilizado: uniqueIDRSSE=PDPSSE20703240048
Último dato utilizado: uniqueIDRSSE=PDPSSE20703240049
Último dato utilizado: uniqueIDRSSE=PDPSSE20703240050
Último dato utilizado: uniqueIDRSSE=PDPSSE20703240051
Último dato utilizado: uniqueIDRSSE=PDPSSE20703240052
Último dato utilizado: uniqueIDRSSE=PDPSSE20703240053
Último dato utilizado: uniqueIDRSSE=PDPSSE20703240054
Último dato utilizado: uniqueIDRSSE=PDPSSE20703240055
Último dato utilizado: uniqueIDRSSE=PDPSSE20703240056
Último dato utilizado: uniqueIDRSSE=PDPSSE20703240057
Último dato utilizado: uniqueIDRSSE=PDPSSE20703240058
Último dato utilizado: uniqueIDRSSE=PDPSSE20703240059
Último dato utilizado: uniqueIDRSSE=PDPSSE20703240060
Último dato utilizado: uniqueIDRSSE=PDPSSE20703240061
Último dato utilizado: uniqueIDRSSE=PDPSSE20703240062
Último dato utilizado: uniqueIDRSSE=PDPSSE20703240063
Último dato utilizado: uniqueIDRSSE=PDPSSE20703240064
Último dato utilizado: uniqueIDRSSE=PDPSSE20703240065
Último dato utilizado: uniqueIDRSSE=PDPSSE20703240066
Último dato utilizado: uniqueIDRSSE=PDPSSE20703240067
Último dato utilizado: uniqueIDRSSE=PDPSSE20703240068
Último dato utilizado: uniqueIDRSSE=PDPSSE20703240069
Último dato utilizado: uniqueIDRSSE=PDPSSE20703240070
Último dato utilizado: uniqueIDRSSE=PDPSSE20703240071
Último dato utilizado: uniqueIDRSSE=PDPSSE20703240072
Último dato utilizado: uniqueIDRSSE=PDPSSE20703240073
Último dato utilizado: uniqueIDRSSE=PDPSSE20703240074
Último dato utilizado: uniqueIDRSSE=PDPSSE20703240075
Último dato utilizado: uniqueIDRSSE=PDPSSE20703240076
Último dato utilizado: uniqueIDRSSE=PDPSSE20703240077
Último dato utilizado: uniqueIDRSSE=PDPSSE20703240078
Último dato utilizado: uniqueIDRSSE=PDPSSE20703240079
Último dato utilizado: uniqueIDRSSE=PDPSSE20703240080
Último dato utilizado: uniqueIDRSSE=PDPSSE20703240081
Último dato utilizado: uniqueIDRSSE=PDPSSE20703240082
Último dato utilizado: uniqueIDRSSE=PDPSSE20703240083
Último dato utilizado: uniqueIDRSSE=PDPSSE20703240084
Último dato utilizado: uniqueIDRSSE=PDPSSE20703240085
Último dato utilizado: uniqueIDRSSE=PDPSSE20703240086
Último dato utilizado: uniqueIDRSSE=PDPSSE20703240087
Último dato utilizado: uniqueIDRSSE=PDPSSE20703240088
Último dato utilizado: uniqueIDRSSE=PDPSSE20703240089
Último dato utilizado: uniqueIDRSSE=PDPSSE20703240090
Último dato utilizado: uniqueIDRSSE=PDPSSE20703240091
Último dato utilizado: uniqueIDRSSE=PDPSSE20703240092
Último dato utilizado: uniqueIDRSSE=PDPSSE20703240093
Último dato utilizado: uniqueIDRSSE=PDPSSE20703240094
----------------Último dato utilizado: uniqueIDRSSE=PDPSSE20703240095
Último dato utilizado: uniqueIDRSSE=PDPSSE20703240096
Último dato utilizado: uniqueIDRSSE=PDPSSE20703240097
Último dato utilizado: uniqueIDRSSE=PDPSSE20703240098
Último dato utilizado: uniqueIDRSSE=PDPSSE20703240099
Último dato utilizado: uniqueIDRSSE=PDPSSE20703240100
Último dato utilizado: uniqueIDRSSE=PDPSSE20703240101
Último dato utilizado: uniqueIDRSSE=PDPSSE20703240102
Último dato utilizado: uniqueIDRSSE=PDPSSE20703240103
Último dato utilizado: uniqueIDRSSE=PDPSSE20703240104
Último dato utilizado: uniqueIDRSSE=PDPSSE20703240105
Último dato utilizado: uniqueIDRSSE=PDPSSE20703240106
Último dato utilizado: uniqueIDRSSE=PDPSSE20703240107
Último dato utilizado: uniqueIDRSSE=PDPSSE20703240108
Último dato utilizado: uniqueIDRSSE=PDPSSE20703240109
Último dato utilizado: uniqueIDRSSE=PDPSSE20703240110
Último dato utilizado: uniqueIDRSSE=PDPSSE20703240111
Último dato utilizado: uniqueIDRSSE=PDPSSE20703240112
Último dato utilizado: uniqueIDRSSE=PDPSSE20703240113
Último dato utilizado: uniqueIDRSSE=PDPSSE20703240114
Último dato utilizado: uniqueIDRSSE=PDPSSE20703240115
Último dato utilizado: uniqueIDRSSE=PDPSSE20703240116
Último dato utilizado: uniqueIDRSSE=PDPSSE20703240117
Último dato utilizado: uniqueIDRSSE=PDPSSE20703240118
Último dato utilizado: uniqueIDRSSE=PDPSSE20703240119
Último dato utilizado: uniqueIDRSSE=PDPSSE20703240120
Último dato utilizado: uniqueIDRSSE=PDPSSE20703240121
Último dato utilizado: uniqueIDRSSE=PDPSSE20703240122
Último dato utilizado: uniqueIDRSSE=PDPSSE20703240123
Último dato utilizado: uniqueIDRSSE=PDPSSE20703240124
Último dato utilizado: uniqueIDRSSE=PDPSSE20703240125
Último dato utilizado: uniqueIDRSSE=PDPSSE20703240126
Último dato utilizado: uniqueIDRSSE=PDPSSE20703240127
Último dato utilizado: uniqueIDRSSE=PDPSSE20703240128
Último dato utilizado: uniqueIDRSSE=PDPSSE20703240129
Último dato utilizado: uniqueIDRSSE=PDPSSE20703240130
Último dato utilizado: uniqueIDRSSE=PDPSSE20703240131
Último dato utilizado: uniqueIDRSSE=PDPSSE20703240132
Último dato utilizado: uniqueIDRSSE=PDPSSE20703240133
Último dato utilizado: uniqueIDRSSE=PDPSSE20703240134
Último dato utilizado: uniqueIDRSSE=PDPSSE20703240135
Último dato utilizado: uniqueIDRSSE=PDPSSE20703240136
Último dato utilizado: uniqueIDRSSE=PDPSSE20703240137
Último dato utilizado: uniqueIDRSSE=PDPSSE20703240138
Último dato utilizado: uniqueIDRSSE=PDPSSE20703240139
Último dato utilizado: uniqueIDRSSE=PDPSSE20703240140
Último dato utilizado: uniqueIDRSSE=PDPSSE20703240141
Último dato utilizado: uniqueIDRSSE=PDPSSE20703240142
Último dato utilizado: uniqueIDRSSE=PDPSSE20703240143
Último dato utilizado: uniqueIDRSSE=PDPSSE20703240144
Último dato utilizado: uniqueIDRSSE=PDPSSE20703240145
Último dato utilizado: uniqueIDRSSE=PDPSSE20703240146
Último dato utilizado: uniqueIDRSSE=PDPSSE20703240147
Último dato utilizado: uniqueIDRSSE=PDPSSE20703240148
Último dato utilizado: uniqueIDRSSE=PDPSSE20703240149
Último dato utilizado: uniqueIDRSSE=PDPSSE20703240150
Último dato utilizado: uniqueIDRSSE=PDPSSE20703240151
Último dato utilizado: uniqueIDRSSE=PDPSSE20703240152
Último dato utilizado: uniqueIDRSSE=PDPSSE20703240153
Último dato utilizado: uniqueIDRSSE=PDPSSE20703240154
Último dato utilizado: uniqueIDRSSE=PDPSSE20703240155
Último dato utilizado: uniqueIDRSSE=PDPSSE20703240156
Último dato utilizado: uniqueIDRSSE=PDPSSE20703240157
Último dato utilizado: uniqueIDRSSE=PDPSSE20703240158
Último dato utilizado: uniqueIDRSSE=PDPSSE20703240159
Último dato utilizado: uniqueIDRSSE=PDPSSE20703240160
Último dato utilizado: uniqueIDRSSE=PDPSSE20703240161
Último dato utilizado: uniqueIDRSSE=PDPSSE20703240162
Último dato utilizado: uniqueIDRSSE=PDPSSE20703240163
Último dato utilizado: uniqueIDRSSE=PDPSSE20703240164
Último dato utilizado: uniqueIDRSSE=PDPSSE20703240165
Último dato utilizado: uniqueIDRSSE=PDPSSE20703240166
Último dato utilizado: uniqueIDRSSE=PDPSSE20703240167
Último dato utilizado: uniqueIDRSSE=PDPSSE20703240168
Último dato utilizado: uniqueIDRSSE=PDPSSE20703240169
Último dato utilizado: uniqueIDRSSE=PDPSSE20703240170
Último dato utilizado: uniqueIDRSSE=PDPSSE20703240171
Último dato utilizado: uniqueIDRSSE=PDPSSE20703240172
Último dato utilizado: uniqueIDRSSE=PDPSSE20703240173
Último dato utilizado: uniqueIDRSSE=PDPSSE20703240174
Último dato utilizado: uniqueIDRSSE=PDPSSE20703240175
Último dato utilizado: uniqueIDRSSE=PDPSSE20703240176
Último dato utilizado: uniqueIDRSSE=PDPSSE20703240177
Último dato utilizado: uniqueIDRSSE=PDPSSE20703240178
Último dato utilizado: uniqueIDRSSE=PDPSSE20703240179
Último dato utilizado: uniqueIDRSSE=PDPSSE20703240180
Último dato utilizado: uniqueIDRSSE=PDPSSE20703240181
Último dato utilizado: uniqueIDRSSE=PDPSSE20703240182
Último dato utilizado: uniqueIDRSSE=PDPSSE20703240183
Último dato utilizado: uniqueIDRSSE=PDPSSE20703240184
Último dato utilizado: uniqueIDRSSE=PDPSSE20703240185
Último dato utilizado: uniqueIDRSSE=PDPSSE20703240186
Último dato utilizado: uniqueIDRSSE=PDPSSE20703240187
Último dato utilizado: uniqueIDRSSE=PDPSSE20703240188
Último dato utilizado: uniqueIDRSSE=PDPSSE20703240189
Último dato utilizado: uniqueIDRSSE=PDPSSE20703240190
Último dato utilizado: uniqueIDRSSE=PDPSSE20703240191
Último dato utilizado: uniqueIDRSSE=PDPSSE20703240192
Último dato utilizado: uniqueIDRSSE=PDPSSE20703240193
Último dato utilizado: uniqueIDRSSE=PDPSSE20703240194
Último dato utilizado: uniqueIDRSSE=PDPSSE20703240195
Último dato utilizado: uniqueIDRSSE=PDPSSE20703240196
Último dato utilizado: uniqueIDRSSE=PDPSSE20703240197
Último dato utilizado: uniqueIDRSSE=PDPSSE20703240198
Último dato utilizado: uniqueIDRSSE=PDPSSE20703240199
Último dato utilizado: uniqueIDRSSE=PDPSSE20703240200
Último dato utilizado: uniqueIDRSSE=PDPSSE20703240201
Último dato utilizado: uniqueIDRSSE=PDPSSE20703240202
Último dato utilizado: uniqueIDRSSE=PDPSSE20703240203
Último dato utilizado: uniqueIDRSSE=PDPSSE20703240204
Último dato utilizado: uniqueIDRSSE=PDPSSE20703240205
Último dato utilizado: uniqueIDRSSE=PDPSSE3007202401
Último dato utilizado: uniqueIDRSSE=PDPSSE3007202401
